
> dental-clinic-manager@0.1.0 build
> next build

 âš  Warning: Next.js inferred your workspace root, but it may not be correct.
 We detected multiple lockfiles and selected the directory of C:\Project\dental_clinic_manager\package-lock.json as the root directory.
 To silence this warning, set `outputFileTracingRoot` in your Next.js config, or consider removing one of the lockfiles if it's not needed.
   See https://nextjs.org/docs/app/api-reference/config/next-config-js/output#caveats for more information.
 Detected additional lockfiles: 
   * C:\Project\dental_clinic_manager\dental-clinic-manager\package-lock.json

   â–² Next.js 15.5.3
   - Environments: .env.local

   Creating an optimized production build ...
Failed to compile.

./src/lib/authService.ts
Error:   [31mx[0m Expected a semicolon
    ,-[[36;1;4mC:\Project\dental_clinic_manager\dental-clinic-manager\src\lib\authService.ts[0m:17:1]
 [2m14[0m |     token?: string
 [2m15[0m |     error?: string
 [2m16[0m |   }> {
 [2m17[0m |     const supabase = createClient()    try {
    : [35;1m                                       ^^^[0m
 [2m18[0m |       // Get user by email
 [2m19[0m |       const { data: userData, error: userError } = await supabase
 [2m20[0m |         .from('users')
    `----
  [31mx[0m Expected ',', got 'catch'
     ,-[[36;1;4mC:\Project\dental_clinic_manager\dental-clinic-manager\src\lib\authService.ts[0m:100:1]
 [2m 97[0m |         token
 [2m 98[0m |       }
 [2m 99[0m | 
 [2m100[0m |     } catch (error) {
     : [35;1m      ^^^^^[0m
 [2m101[0m |       console.error('Login error:', error)
 [2m102[0m |       return { success: false, error: 'An error occurred during login' }
 [2m103[0m |     }
     `----

Caused by:
    Syntax Error

Import trace for requested module:
./src/lib/authService.ts
./src/components/Management/StaffManagement.tsx
./src/app/management/page.tsx

./src/lib/branchService.ts
Error:   [31mx[0m Expected a semicolon
    ,-[[36;1;4mC:\Project\dental_clinic_manager\dental-clinic-manager\src\lib\branchService.ts[0m:24:1]
 [2m21[0m | export async function getBranches(
 [2m22[0m |   filter: BranchFilter
 [2m23[0m | ): Promise<{ success: boolean; branches?: ClinicBranch[]; error?: string }> {
 [2m24[0m |   const supabase = createClient()  try {
    : [35;1m                                   ^^^[0m
 [2m25[0m |     let query = supabase
 [2m26[0m |       .from('clinic_branches')
 [2m27[0m |       .select('*')
    `----
  [31mx[0m Expected a semicolon
    ,-[[36;1;4mC:\Project\dental_clinic_manager\dental-clinic-manager\src\lib\branchService.ts[0m:45:1]
 [2m42[0m |     }
 [2m43[0m | 
 [2m44[0m |     return { success: true, branches: data as ClinicBranch[] }
 [2m45[0m |   } catch (error: any) {
    : [35;1m    ^^^^^[0m
 [2m46[0m |     console.error('[getBranches] Unexpected error:', error)
 [2m47[0m |     return { success: false, error: error.message || 'Failed to fetch branches' }
 [2m48[0m |   }
    `----
  [31mx[0m Return statement is not allowed here
    ,-[[36;1;4mC:\Project\dental_clinic_manager\dental-clinic-manager\src\lib\branchService.ts[0m:47:1]
 [2m44[0m |     return { success: true, branches: data as ClinicBranch[] }
 [2m45[0m |   } catch (error: any) {
 [2m46[0m |     console.error('[getBranches] Unexpected error:', error)
 [2m47[0m |     return { success: false, error: error.message || 'Failed to fetch branches' }
    : [35;1m    ^^^^^^^^^^^^^^^^^^^^^^^^^^^^^^^^^^^^^^^^^^^^^^^^^^^^^^^^^^^^^^^^^^^^^^^^^^^^^[0m
 [2m48[0m |   }
 [2m49[0m | }
    `----
  [31mx[0m Expression expected
    ,-[[36;1;4mC:\Project\dental_clinic_manager\dental-clinic-manager\src\lib\branchService.ts[0m:49:1]
 [2m46[0m |     console.error('[getBranches] Unexpected error:', error)
 [2m47[0m |     return { success: false, error: error.message || 'Failed to fetch branches' }
 [2m48[0m |   }
 [2m49[0m | }
    : [35;1m^[0m
 [2m50[0m | 
 [2m51[0m | /**
 [2m52[0m |  * íŠ¹ì • ì§€ì  ì¡°íšŒ
    `----

Caused by:
    Syntax Error

Import trace for requested module:
./src/lib/branchService.ts
./src/lib/attendanceService.ts
./src/app/qr/[code]/page.tsx

./src/lib/clinicHoursService.ts
Error:   [31mx[0m Expected a semicolon
    ,-[[36;1;4mC:\Project\dental_clinic_manager\dental-clinic-manager\src\lib\clinicHoursService.ts[0m:13:1]
 [2m10[0m |    * ë³‘ì›ì˜ ì§„ë£Œì‹œê°„ ì¡°íšŒ
 [2m11[0m |    */
 [2m12[0m |   async getClinicHours(clinicId: string) {
 [2m13[0m |     const supabase = createClient()    const { data, error } = await supabase
    : [35;1m                                       ^^^^^[0m
 [2m14[0m |       .from('clinic_hours')
 [2m15[0m |       .select('*')
 [2m16[0m |       .eq('clinic_id', clinicId)
    `----
  [31mx[0m Expected ',', got '='
    ,-[[36;1;4mC:\Project\dental_clinic_manager\dental-clinic-manager\src\lib\clinicHoursService.ts[0m:13:1]
 [2m10[0m |    * ë³‘ì›ì˜ ì§„ë£Œì‹œê°„ ì¡°íšŒ
 [2m11[0m |    */
 [2m12[0m |   async getClinicHours(clinicId: string) {
 [2m13[0m |     const supabase = createClient()    const { data, error } = await supabase
    : [35;1m                                                             ^[0m
 [2m14[0m |       .from('clinic_hours')
 [2m15[0m |       .select('*')
 [2m16[0m |       .eq('clinic_id', clinicId)
    `----

Caused by:
    Syntax Error

Import trace for requested module:
./src/lib/clinicHoursService.ts
./src/components/Attendance/ScheduleManagement.tsx
./src/app/attendance/page.tsx

./src/lib/contractService.ts
Error:   [31mx[0m Unexpected token `.`. Expected * for generator, private key, identifier or async
    ,-[[36;1;4mC:\Project\dental_clinic_manager\dental-clinic-manager\src\lib\contractService.ts[0m:36:1]
 [2m33[0m |     // âœ… ë§¤ë²ˆ ìµœì‹  í´ë¼ì´ì–¸íŠ¸ ê°€ì ¸ì˜¤ê¸° (ë¡œê·¸ì¸ í›„ ì„¸ì…˜ í¬í•¨)
 [2m34[0m |     const supabase = createBrowserClient()    }
 [2m35[0m | 
 [2m36[0m |     console.log('[contractService] Checking session...')
    : [35;1m           ^[0m
 [2m37[0m |     const { data, error } = await supabase.auth.getSession()
 [2m38[0m | 
 [2m39[0m |     // Case 1: Session check error (possibly invalid token)
    `----

Caused by:
    Syntax Error

Import trace for requested module:
./src/lib/contractService.ts
./src/components/Contract/ContractDetail.tsx
./src/app/dashboard/contracts/[id]/page.tsx

./src/lib/dataService.ts
Module not found: Can't resolve './supabase/connectionCheck'

https://nextjs.org/docs/messages/module-not-found

Import trace for requested module:
./src/contexts/AuthContext.tsx


> Build failed because of webpack errors
