[     358ms] [LOG] [Fast Refresh] done in 2784ms @ webpack-internal:///(app-pages-browser)/./node_modules/next/dist/client/dev/report-hmr-latency.js:13
[     361ms] [LOG] [Fast Refresh] rebuilding @ webpack-internal:///(app-pages-browser)/./node_modules/next/dist/client/dev/hot-reloader/app/hot-reloader-app.js:196
[     613ms] [ERROR] Failed to load resource: the server responded with a status of 500 (Internal Server Error) @ http://localhost:3000/manifest.webmanifest:0
[     635ms] [ERROR] Manifest fetch from http://localhost:3000/manifest.webmanifest failed, code 500 @ http://localhost:3000/master:0
[     935ms] [LOG] [Fast Refresh] rebuilding @ webpack-internal:///(app-pages-browser)/./node_modules/next/dist/client/dev/hot-reloader/app/hot-reloader-app.js:196
[     944ms] [LOG] [Fast Refresh] done in 8ms @ webpack-internal:///(app-pages-browser)/./node_modules/next/dist/client/dev/report-hmr-latency.js:13
[    1531ms] [ERROR] Failed to load resource: the server responded with a status of 404 (Not Found) @ http://localhost:3000/auth:0
[    1964ms] [INFO] %cDownload the React DevTools for a better development experience: https://react.dev/link/react-devtools font-weight:bold @ webpack-internal:///(app-pages-browser)/./node_modules/next/dist/compiled/react-dom/cjs/react-dom-client.development.js:25630
[    2011ms] [LOG] ===== AuthContext: checkAuth 시작 ===== @ webpack-internal:///(app-pages-browser)/./src/contexts/AuthContext.tsx:41
[    2012ms] [LOG] [AuthContext] Getting Supabase client... @ webpack-internal:///(app-pages-browser)/./src/contexts/AuthContext.tsx:63
[    2013ms] [LOG] [Supabase] Singleton instance created with auto-refresh enabled @ webpack-internal:///(app-pages-browser)/./src/lib/supabase/client.ts:100
[    2013ms] [LOG] [AuthContext] Supabase client obtained @ webpack-internal:///(app-pages-browser)/./src/contexts/AuthContext.tsx:65
[    2013ms] [LOG] [AuthContext] Checking Supabase session... @ webpack-internal:///(app-pages-browser)/./src/contexts/AuthContext.tsx:69
[    2052ms] [LOG] [Supabase] Auth event: SIGNED_IN @ webpack-internal:///(app-pages-browser)/./src/lib/supabase/client.ts:87
[    2052ms] [LOG] [Supabase] User signed in @ webpack-internal:///(app-pages-browser)/./src/lib/supabase/client.ts:97
[    2053ms] [LOG] [Supabase] Auth event: INITIAL_SESSION @ webpack-internal:///(app-pages-browser)/./src/lib/supabase/client.ts:87
[    2054ms] [LOG] [AuthContext] Session check complete: session found @ webpack-internal:///(app-pages-browser)/./src/contexts/AuthContext.tsx:98
[    2054ms] [LOG] AuthContext: Supabase 세션 발견 1d44b907-9cde-4ef4-bf01-109ecfdf98b6 @ webpack-internal:///(app-pages-browser)/./src/contexts/AuthContext.tsx:114
[    2054ms] [LOG] [ensureConnection] Checking database connection... @ webpack-internal:///(app-pages-browser)/./src/lib/supabase/connectionCheck.ts:25
[    2054ms] [LOG] [ensureConnection] Session valid @ webpack-internal:///(app-pages-browser)/./src/lib/supabase/connectionCheck.ts:45
[    2236ms] [LOG] [Fast Refresh] rebuilding @ webpack-internal:///(app-pages-browser)/./node_modules/next/dist/client/dev/hot-reloader/app/hot-reloader-app.js:196
[    2284ms] [LOG] AuthContext: 사용자 프로필 로드 성공 {id: 1d44b907-9cde-4ef4-bf01-109ecfdf98b6, clinic_id: fac23613-66f2-4f89-84a0-d38ad2e38114, email: sani81@gmail.com, password_hash: null, name: 황희수} @ webpack-internal:///(app-pages-browser)/./src/contexts/AuthContext.tsx:119
[    2284ms] [LOG] ===== AuthContext: 로딩 완료, setLoading(false) ===== @ webpack-internal:///(app-pages-browser)/./src/contexts/AuthContext.tsx:358
[    2289ms] [LOG] Auth state changed: INITIAL_SESSION @ webpack-internal:///(app-pages-browser)/./src/contexts/AuthContext.tsx:214
[    2289ms] [LOG] [SW] 등록 완료, scope: http://localhost:3000/ @ webpack-internal:///(app-pages-browser)/./src/components/PWA/ServiceWorkerRegistrar.tsx:133
[    2290ms] [LOG] [SW] 등록 완료, scope: http://localhost:3000/ @ webpack-internal:///(app-pages-browser)/./src/components/PWA/ServiceWorkerRegistrar.tsx:133
[    2360ms] [LOG] [Fast Refresh] done in 124ms @ webpack-internal:///(app-pages-browser)/./node_modules/next/dist/client/dev/report-hmr-latency.js:13
[    2465ms] [LOG] [Fast Refresh] rebuilding @ webpack-internal:///(app-pages-browser)/./node_modules/next/dist/client/dev/hot-reloader/app/hot-reloader-app.js:196
[    2483ms] [LOG] [Fast Refresh] done in 18ms @ webpack-internal:///(app-pages-browser)/./node_modules/next/dist/client/dev/report-hmr-latency.js:13
[    2872ms] [ERROR] Failed to load resource: the server responded with a status of 404 (Not Found) @ http://localhost:3000/auth?_rsc=1i477:0
[    2882ms] [LOG] [Fast Refresh] done in 416ms @ webpack-internal:///(app-pages-browser)/./node_modules/next/dist/client/dev/report-hmr-latency.js:13
[    2888ms] [ERROR] Failed to load resource: the server responded with a status of 404 (Not Found) @ http://localhost:3000/auth?_rsc=1i477:0
[    2918ms] [LOG] [Fast Refresh] rebuilding @ webpack-internal:///(app-pages-browser)/./node_modules/next/dist/client/dev/hot-reloader/app/hot-reloader-app.js:196
[    3101ms] [LOG] [Fast Refresh] rebuilding @ webpack-internal:///(app-pages-browser)/./node_modules/next/dist/client/dev/hot-reloader/app/hot-reloader-app.js:196
[    3116ms] [LOG] [Fast Refresh] done in 14ms @ webpack-internal:///(app-pages-browser)/./node_modules/next/dist/client/dev/report-hmr-latency.js:13
[    3624ms] [ERROR] Failed to load resource: the server responded with a status of 404 (Not Found) @ http://localhost:3000/auth:0
[    3878ms] Invalid or unexpected token
[    4249ms] [INFO] %cDownload the React DevTools for a better development experience: https://react.dev/link/react-devtools font-weight:bold @ webpack-internal:///(app-pages-browser)/./node_modules/next/dist/compiled/react-dom/cjs/react-dom-client.development.js:25630
