[    1176ms] [INFO] %cDownload the React DevTools for a better development experience: https://react.dev/link/react-devtools font-weight:bold @ webpack-internal:///(app-pages-browser)/./node_modules/next/dist/compiled/react-dom/cjs/react-dom-client.development.js:25630
[    1345ms] [LOG] ===== AuthContext: checkAuth 시작 ===== @ webpack-internal:///(app-pages-browser)/./src/contexts/AuthContext.tsx:41
[    1345ms] [LOG] [AuthContext] Getting Supabase client... @ webpack-internal:///(app-pages-browser)/./src/contexts/AuthContext.tsx:63
[    1349ms] [LOG] [Supabase] Singleton instance created with auto-refresh enabled @ webpack-internal:///(app-pages-browser)/./src/lib/supabase/client.ts:100
[    1350ms] [LOG] [AuthContext] Supabase client obtained @ webpack-internal:///(app-pages-browser)/./src/contexts/AuthContext.tsx:65
[    1350ms] [LOG] [AuthContext] Checking Supabase session... @ webpack-internal:///(app-pages-browser)/./src/contexts/AuthContext.tsx:69
[    1484ms] [LOG] [Supabase] Auth event: INITIAL_SESSION @ webpack-internal:///(app-pages-browser)/./src/lib/supabase/client.ts:87
[    1485ms] [LOG] [AuthContext] Session check complete: no session @ webpack-internal:///(app-pages-browser)/./src/contexts/AuthContext.tsx:98
[    1485ms] [LOG] ===== AuthContext: 로딩 완료, setLoading(false) ===== @ webpack-internal:///(app-pages-browser)/./src/contexts/AuthContext.tsx:358
[    1539ms] [LOG] [SW] 등록 완료, scope: http://localhost:3000/ @ webpack-internal:///(app-pages-browser)/./src/components/PWA/ServiceWorkerRegistrar.tsx:133
[    1549ms] [LOG] [SW] 등록 완료, scope: http://localhost:3000/ @ webpack-internal:///(app-pages-browser)/./src/components/PWA/ServiceWorkerRegistrar.tsx:133
[    1552ms] [LOG] Auth state changed: INITIAL_SESSION @ webpack-internal:///(app-pages-browser)/./src/contexts/AuthContext.tsx:214
[    1947ms] [LOG] [Fast Refresh] rebuilding @ webpack-internal:///(app-pages-browser)/./node_modules/next/dist/client/dev/hot-reloader/app/hot-reloader-app.js:196
[    1993ms] [LOG] [Fast Refresh] done in 47ms @ webpack-internal:///(app-pages-browser)/./node_modules/next/dist/client/dev/report-hmr-latency.js:13
[    2828ms] [LOG] [Fast Refresh] rebuilding @ webpack-internal:///(app-pages-browser)/./node_modules/next/dist/client/dev/hot-reloader/app/hot-reloader-app.js:196
[    2964ms] [LOG] [Fast Refresh] done in 135ms @ webpack-internal:///(app-pages-browser)/./node_modules/next/dist/client/dev/report-hmr-latency.js:13
[    3779ms] [LOG] [Fast Refresh] rebuilding @ webpack-internal:///(app-pages-browser)/./node_modules/next/dist/client/dev/hot-reloader/app/hot-reloader-app.js:196
[    3797ms] [LOG] [Fast Refresh] done in 17ms @ webpack-internal:///(app-pages-browser)/./node_modules/next/dist/client/dev/report-hmr-latency.js:13
[    5297ms] [LOG] [Fast Refresh] done in 1518ms @ webpack-internal:///(app-pages-browser)/./node_modules/next/dist/client/dev/report-hmr-latency.js:13
[    5377ms] [LOG] [Fast Refresh] rebuilding @ webpack-internal:///(app-pages-browser)/./node_modules/next/dist/client/dev/hot-reloader/app/hot-reloader-app.js:196
[    6768ms] [LOG] [Fast Refresh] done in 1390ms @ webpack-internal:///(app-pages-browser)/./node_modules/next/dist/client/dev/report-hmr-latency.js:13
[    6937ms] [LOG] [Fast Refresh] rebuilding @ webpack-internal:///(app-pages-browser)/./node_modules/next/dist/client/dev/hot-reloader/app/hot-reloader-app.js:196
[    7664ms] [LOG] [Fast Refresh] rebuilding @ webpack-internal:///(app-pages-browser)/./node_modules/next/dist/client/dev/hot-reloader/app/hot-reloader-app.js:196
[    7709ms] [LOG] [Fast Refresh] done in 46ms @ webpack-internal:///(app-pages-browser)/./node_modules/next/dist/client/dev/report-hmr-latency.js:13
[    7893ms] [LOG] [LoginForm] Starting login process... @ webpack-internal:///(app-pages-browser)/./src/components/Auth/LoginForm.tsx:85
[    7893ms] [LOG] [LoginForm] Using cookie-based session (rememberMe: N/A) @ webpack-internal:///(app-pages-browser)/./src/components/Auth/LoginForm.tsx:90
[    7893ms] [LOG] [LoginForm] Creating Supabase client... @ webpack-internal:///(app-pages-browser)/./src/components/Auth/LoginForm.tsx:92
[    7893ms] [LOG] [LoginForm] Clearing any existing session... @ webpack-internal:///(app-pages-browser)/./src/components/Auth/LoginForm.tsx:95
[    7906ms] [LOG] [Supabase] Auth event: SIGNED_OUT @ webpack-internal:///(app-pages-browser)/./src/lib/supabase/client.ts:87
[    7906ms] [LOG] [Supabase] User signed out detected @ webpack-internal:///(app-pages-browser)/./src/lib/supabase/client.ts:92
[    7906ms] [LOG] Auth state changed: SIGNED_OUT @ webpack-internal:///(app-pages-browser)/./src/contexts/AuthContext.tsx:214
[    7906ms] [LOG] [LoginForm] Previous session cleared @ webpack-internal:///(app-pages-browser)/./src/components/Auth/LoginForm.tsx:103
[    7906ms] [LOG] [LoginForm] Supabase client obtained, attempting login... @ webpack-internal:///(app-pages-browser)/./src/components/Auth/LoginForm.tsx:107
[    8233ms] [LOG] [Supabase] Auth event: SIGNED_IN @ webpack-internal:///(app-pages-browser)/./src/lib/supabase/client.ts:87
[    8233ms] [LOG] [Supabase] User signed in @ webpack-internal:///(app-pages-browser)/./src/lib/supabase/client.ts:97
[    8233ms] [LOG] Auth state changed: SIGNED_IN @ webpack-internal:///(app-pages-browser)/./src/contexts/AuthContext.tsx:214
[    8234ms] [LOG] [LoginForm] Auth response received in 327ms: {authData: Object, authError: null} @ webpack-internal:///(app-pages-browser)/./src/components/Auth/LoginForm.tsx:124
[    8234ms] [LOG] [LoginForm] Fetching user profile for ID: eb46c51d-95a1-4be9-9b30-edcdbd9eb8be @ webpack-internal:///(app-pages-browser)/./src/components/Auth/LoginForm.tsx:152
[    8235ms] [LOG] [ensureConnection] Checking database connection... @ webpack-internal:///(app-pages-browser)/./src/lib/supabase/connectionCheck.ts:25
[    8235ms] [LOG] [ensureConnection] Checking database connection... @ webpack-internal:///(app-pages-browser)/./src/lib/supabase/connectionCheck.ts:25
[    8237ms] [LOG] [ensureConnection] Session valid @ webpack-internal:///(app-pages-browser)/./src/lib/supabase/connectionCheck.ts:45
[    8239ms] [LOG] [ensureConnection] Session valid @ webpack-internal:///(app-pages-browser)/./src/lib/supabase/connectionCheck.ts:45
[    8404ms] [LOG] [LoginForm] Profile fetched in 170ms: {id: eb46c51d-95a1-4be9-9b30-edcdbd9eb8be, clinic_id: de87b3fd-f936-49d8-a659-7b50b0019fe9, email: whitedc0902@gmail.com, password_hash: null, name: 황희수} @ webpack-internal:///(app-pages-browser)/./src/components/Auth/LoginForm.tsx:156
[    8404ms] [LOG] [LoginForm] Logging in with profile: {id: eb46c51d-95a1-4be9-9b30-edcdbd9eb8be, clinic_id: de87b3fd-f936-49d8-a659-7b50b0019fe9, email: whitedc0902@gmail.com, password_hash: null, name: 황희수} @ webpack-internal:///(app-pages-browser)/./src/components/Auth/LoginForm.tsx:202
[    8404ms] [LOG] [AuthContext] Login - Cookie-based session @ webpack-internal:///(app-pages-browser)/./src/contexts/AuthContext.tsx:385
[    8412ms] [LOG] [CookieStorage] Session cookies refreshed @ webpack-internal:///(app-pages-browser)/./src/lib/cookieStorageAdapter.ts:258
[    8500ms] [LOG] [Fast Refresh] rebuilding @ webpack-internal:///(app-pages-browser)/./node_modules/next/dist/client/dev/hot-reloader/app/hot-reloader-app.js:196
[    8551ms] [LOG] [Fast Refresh] done in 51ms @ webpack-internal:///(app-pages-browser)/./node_modules/next/dist/client/dev/report-hmr-latency.js:13
[    9582ms] [LOG] [Fast Refresh] rebuilding @ webpack-internal:///(app-pages-browser)/./node_modules/next/dist/client/dev/hot-reloader/app/hot-reloader-app.js:196
[    9641ms] [LOG] [Fast Refresh] done in 59ms @ webpack-internal:///(app-pages-browser)/./node_modules/next/dist/client/dev/report-hmr-latency.js:13
[   10927ms] [LOG] [Fast Refresh] done in 1344ms @ webpack-internal:///(app-pages-browser)/./node_modules/next/dist/client/dev/report-hmr-latency.js:13
[   10965ms] [LOG] [Fast Refresh] rebuilding @ webpack-internal:///(app-pages-browser)/./node_modules/next/dist/client/dev/hot-reloader/app/hot-reloader-app.js:196
[   11552ms] [WARNING] The resource http://localhost:3000/_next/static/css/app/layout.css?v=1776009202506 was preloaded using link preload but not used within a few seconds from the window's load event. Please make sure it has an appropriate `as` value and it is preloaded intentionally. @ http://localhost:3000/?show=login:0
[   12128ms] [LOG] [Fast Refresh] rebuilding @ webpack-internal:///(app-pages-browser)/./node_modules/next/dist/client/dev/hot-reloader/app/hot-reloader-app.js:196
[   12394ms] [LOG] [Fast Refresh] done in 266ms @ webpack-internal:///(app-pages-browser)/./node_modules/next/dist/client/dev/report-hmr-latency.js:13
[   13606ms] [LOG] [LoginForm] Activity log saved successfully @ webpack-internal:///(app-pages-browser)/./src/components/Auth/LoginForm.tsx:224
[   13606ms] [LOG] [LoginForm] Login successful - Cookie-based session @ webpack-internal:///(app-pages-browser)/./src/components/Auth/LoginForm.tsx:229
[   13606ms] [LOG] [LoginForm] Session managed by Middleware (automatic refresh) @ webpack-internal:///(app-pages-browser)/./src/components/Auth/LoginForm.tsx:230
[   13606ms] [LOG] [LoginForm] Removing saved login credentials from localStorage @ webpack-internal:///(app-pages-browser)/./src/components/Auth/LoginForm.tsx:237
[   13606ms] [LOG] [LoginForm] Removing auto login setting from localStorage @ webpack-internal:///(app-pages-browser)/./src/components/Auth/LoginForm.tsx:246
[   13606ms] [LOG] [LoginForm] Calling onLoginSuccess... @ webpack-internal:///(app-pages-browser)/./src/components/Auth/LoginForm.tsx:249
[   13641ms] [LOG] [Fast Refresh] rebuilding @ webpack-internal:///(app-pages-browser)/./node_modules/next/dist/client/dev/hot-reloader/app/hot-reloader-app.js:196
[   13719ms] [LOG] [Fast Refresh] done in 78ms @ webpack-internal:///(app-pages-browser)/./node_modules/next/dist/client/dev/report-hmr-latency.js:13
