[  186171ms] [ERROR] Failed to load resource: the server responded with a status of 500 (Internal Server Error) @ http://localhost:3000/api/user-notifications?userId=eb46c51d-95a1-4be9-9b30-edcdbd9eb8be&clinicId=de87b3fd-f936-49d8-a659-7b50b0019fe9&limit=10:0
[  186173ms] [ERROR] [useUserNotifications] Fetch error: SyntaxError: Unexpected token 'I', "Internal S"... is not valid JSON @ webpack-internal:///(app-pages-browser)/./node_modules/next/dist/next-devtools/userspace/app/errors/intercept-console-error.js:56
[  186464ms] [ERROR] Failed to load resource: the server responded with a status of 500 (Internal Server Error) @ http://localhost:3000/admin/marketing/posts/new?_rsc=9gl22:0
[  187893ms] [ERROR] Failed to load resource: the server responded with a status of 500 (Internal Server Error) @ http://localhost:3000/admin/marketing/posts/new?_rsc=9gl22:0
[  188564ms] [ERROR] Failed to load resource: the server responded with a status of 500 (Internal Server Error) @ http://localhost:3000/admin/marketing/posts/new?_rsc=9gl22:0
[  189595ms] [ERROR] Failed to load resource: the server responded with a status of 500 (Internal Server Error) @ http://localhost:3000/admin/marketing/posts/new?_rsc=9gl22:0
[  190307ms] [ERROR] Failed to load resource: the server responded with a status of 500 (Internal Server Error) @ http://localhost:3000/admin/marketing/posts/new?_rsc=9gl22:0
[  190951ms] [ERROR] Failed to load resource: the server responded with a status of 500 (Internal Server Error) @ http://localhost:3000/admin/marketing/posts/new?_rsc=9gl22:0
[  191621ms] [ERROR] Failed to load resource: the server responded with a status of 500 (Internal Server Error) @ http://localhost:3000/admin/marketing/posts/new?_rsc=9gl22:0
[  192293ms] [ERROR] Failed to load resource: the server responded with a status of 500 (Internal Server Error) @ http://localhost:3000/admin/marketing/posts/new?_rsc=9gl22:0
[  192955ms] [ERROR] Failed to load resource: the server responded with a status of 500 (Internal Server Error) @ http://localhost:3000/admin/marketing/posts/new?_rsc=9gl22:0
[  193640ms] [ERROR] Failed to load resource: the server responded with a status of 500 (Internal Server Error) @ http://localhost:3000/admin/marketing/posts/new?_rsc=9gl22:0
[  194633ms] [ERROR] Failed to load resource: the server responded with a status of 500 (Internal Server Error) @ http://localhost:3000/admin/marketing/posts/new?_rsc=9gl22:0
[  195308ms] [ERROR] Failed to load resource: the server responded with a status of 500 (Internal Server Error) @ http://localhost:3000/admin/marketing/posts/new?_rsc=9gl22:0
[  195986ms] [ERROR] Failed to load resource: the server responded with a status of 500 (Internal Server Error) @ http://localhost:3000/admin/marketing/posts/new?_rsc=9gl22:0
[  196961ms] [ERROR] Failed to load resource: the server responded with a status of 500 (Internal Server Error) @ http://localhost:3000/admin/marketing/posts/new?_rsc=9gl22:0
[  197634ms] [ERROR] Failed to load resource: the server responded with a status of 500 (Internal Server Error) @ http://localhost:3000/admin/marketing/posts/new?_rsc=9gl22:0
[  198301ms] [ERROR] Failed to load resource: the server responded with a status of 500 (Internal Server Error) @ http://localhost:3000/admin/marketing/posts/new?_rsc=9gl22:0
[  198951ms] [ERROR] Failed to load resource: the server responded with a status of 500 (Internal Server Error) @ http://localhost:3000/admin/marketing/posts/new?_rsc=9gl22:0
[  199586ms] [ERROR] Failed to load resource: the server responded with a status of 500 (Internal Server Error) @ http://localhost:3000/admin/marketing/posts/new?_rsc=9gl22:0
[  200252ms] [ERROR] Failed to load resource: the server responded with a status of 500 (Internal Server Error) @ http://localhost:3000/admin/marketing/posts/new?_rsc=9gl22:0
[  201205ms] [ERROR] Failed to load resource: the server responded with a status of 500 (Internal Server Error) @ http://localhost:3000/admin/marketing/posts/new?_rsc=9gl22:0
[  201899ms] [ERROR] Failed to load resource: the server responded with a status of 500 (Internal Server Error) @ http://localhost:3000/admin/marketing/posts/new?_rsc=9gl22:0
[  202598ms] [ERROR] Failed to load resource: the server responded with a status of 500 (Internal Server Error) @ http://localhost:3000/admin/marketing/posts/new?_rsc=9gl22:0
[  203270ms] [ERROR] Failed to load resource: the server responded with a status of 500 (Internal Server Error) @ http://localhost:3000/admin/marketing/posts/new?_rsc=9gl22:0
[  203965ms] [ERROR] Failed to load resource: the server responded with a status of 500 (Internal Server Error) @ http://localhost:3000/admin/marketing/posts/new?_rsc=9gl22:0
[  204622ms] [ERROR] Failed to load resource: the server responded with a status of 500 (Internal Server Error) @ http://localhost:3000/admin/marketing/posts/new?_rsc=9gl22:0
[  205304ms] [ERROR] Failed to load resource: the server responded with a status of 500 (Internal Server Error) @ http://localhost:3000/admin/marketing/posts/new?_rsc=9gl22:0
[  205996ms] [ERROR] Failed to load resource: the server responded with a status of 500 (Internal Server Error) @ http://localhost:3000/admin/marketing/posts/new?_rsc=9gl22:0
[  206632ms] [ERROR] Failed to load resource: the server responded with a status of 500 (Internal Server Error) @ http://localhost:3000/admin/marketing/posts/new?_rsc=9gl22:0
[  207126ms] [ERROR] Failed to load resource: the server responded with a status of 500 (Internal Server Error) @ http://localhost:3000/admin/marketing/posts/new?_rsc=9gl22:0
[  207612ms] [ERROR] Failed to load resource: the server responded with a status of 500 (Internal Server Error) @ http://localhost:3000/admin/marketing/posts/new?_rsc=9gl22:0
[  208223ms] [ERROR] Failed to load resource: the server responded with a status of 500 (Internal Server Error) @ http://localhost:3000/admin/marketing/posts/new?_rsc=9gl22:0
[  208733ms] [ERROR] Failed to load resource: the server responded with a status of 500 (Internal Server Error) @ http://localhost:3000/admin/marketing/posts/new?_rsc=9gl22:0
[  209235ms] [ERROR] Failed to load resource: the server responded with a status of 500 (Internal Server Error) @ http://localhost:3000/admin/marketing/posts/new?_rsc=9gl22:0
[  209718ms] [ERROR] Failed to load resource: the server responded with a status of 500 (Internal Server Error) @ http://localhost:3000/admin/marketing/posts/new?_rsc=9gl22:0
[  210206ms] [ERROR] Failed to load resource: the server responded with a status of 500 (Internal Server Error) @ http://localhost:3000/admin/marketing/posts/new?_rsc=9gl22:0
[  210701ms] [ERROR] Failed to load resource: the server responded with a status of 500 (Internal Server Error) @ http://localhost:3000/admin/marketing/posts/new?_rsc=9gl22:0
[  211194ms] [ERROR] Failed to load resource: the server responded with a status of 500 (Internal Server Error) @ http://localhost:3000/admin/marketing/posts/new?_rsc=9gl22:0
[  211716ms] [ERROR] Failed to load resource: the server responded with a status of 500 (Internal Server Error) @ http://localhost:3000/admin/marketing/posts/new?_rsc=9gl22:0
[  212226ms] [ERROR] Failed to load resource: the server responded with a status of 500 (Internal Server Error) @ http://localhost:3000/admin/marketing/posts/new?_rsc=9gl22:0
[  212401ms] [ERROR] Failed to load resource: the server responded with a status of 500 (Internal Server Error) @ http://localhost:3000/api/user-notifications?userId=eb46c51d-95a1-4be9-9b30-edcdbd9eb8be&clinicId=de87b3fd-f936-49d8-a659-7b50b0019fe9&limit=10:0
[  212401ms] [ERROR] [useUserNotifications] Fetch error: SyntaxError: Unexpected token 'I', "Internal S"... is not valid JSON @ webpack-internal:///(app-pages-browser)/./node_modules/next/dist/next-devtools/userspace/app/errors/intercept-console-error.js:56
[  212951ms] [ERROR] Failed to load resource: the server responded with a status of 500 (Internal Server Error) @ http://localhost:3000/admin/marketing/posts/new?_rsc=9gl22:0
[  212953ms] [ERROR] Failed to load resource: the server responded with a status of 404 (Not Found) @ http://localhost:3000/_next/static/webpack/93b538f520fedaab.webpack.hot-update.json:0
[  213160ms] [ERROR] Failed to load resource: the server responded with a status of 404 (Not Found) @ http://localhost:3000/_next/static/webpack/93b538f520fedaab.webpack.hot-update.json:0
[  213388ms] [ERROR] Failed to load resource: the server responded with a status of 404 (Not Found) @ http://localhost:3000/_next/static/webpack/93b538f520fedaab.webpack.hot-update.json:0
[  213707ms] [ERROR] Failed to load resource: the server responded with a status of 500 (Internal Server Error) @ http://localhost:3000/admin/marketing/posts/new?_rsc=9gl22:0
[  213713ms] [ERROR] Failed to load resource: the server responded with a status of 404 (Not Found) @ http://localhost:3000/_next/static/webpack/93b538f520fedaab.webpack.hot-update.json:0
[  213749ms] [ERROR] Failed to load resource: the server responded with a status of 500 (Internal Server Error) @ http://localhost:3000/admin/marketing/posts/new:0
[  214462ms] [ERROR] Failed to load resource: the server responded with a status of 500 (Internal Server Error) @ http://localhost:3000/favicon.ico:0
