[    1194ms] [INFO] %cDownload the React DevTools for a better development experience: https://react.dev/link/react-devtools font-weight:bold @ webpack-internal:///(app-pages-browser)/./node_modules/next/dist/compiled/react-dom/cjs/react-dom-client.development.js:25630
[    1339ms] [LOG] ===== AuthContext: checkAuth 시작 ===== @ webpack-internal:///(app-pages-browser)/./src/contexts/AuthContext.tsx:41
[    1340ms] [LOG] [AuthContext] Getting Supabase client... @ webpack-internal:///(app-pages-browser)/./src/contexts/AuthContext.tsx:62
[    1344ms] [LOG] [Supabase] Singleton instance created with auto-refresh enabled @ webpack-internal:///(app-pages-browser)/./src/lib/supabase/client.ts:100
[    1344ms] [LOG] [AuthContext] Supabase client obtained @ webpack-internal:///(app-pages-browser)/./src/contexts/AuthContext.tsx:64
[    1345ms] [LOG] [AuthContext] Checking Supabase session... @ webpack-internal:///(app-pages-browser)/./src/contexts/AuthContext.tsx:68
[    1642ms] [ERROR] Failed to load resource: the server responded with a status of 400 () @ https://beahjntkmkfhpcbhfnrr.supabase.co/auth/v1/token?grant_type=refresh_token:0
[    1645ms] [LOG] [Supabase] Auth event: SIGNED_OUT @ webpack-internal:///(app-pages-browser)/./src/lib/supabase/client.ts:87
[    1645ms] [LOG] [Supabase] User signed out detected @ webpack-internal:///(app-pages-browser)/./src/lib/supabase/client.ts:92
[    1646ms] [ERROR] AuthApiError: Invalid Refresh Token: Refresh Token Not Found
    at handleError (webpack-internal:///(app-pages-browser)/./node_modules/@supabase/auth-js/dist/module/lib/fetch.js:80:11)
    at async _handleRequest (webpack-internal:///(app-pages-browser)/./node_modules/@supabase/auth-js/dist/module/lib/fetch.js:123:9)
    at async _request (webpack-internal:///(app-pages-browser)/./node_modules/@supabase/auth-js/dist/module/lib/fetch.js:105:18)
    at async eval (webpack-internal:///(app-pages-browser)/./node_modules/@supabase/auth-js/dist/module/GoTrueClient.js:1588:24)
    at async eval (webpack-internal:///(app-pages-browser)/./node_modules/@supabase/auth-js/dist/module/lib/helpers.js:206:36) @ webpack-internal:///(app-pages-browser)/./node_modules/next/dist/next-devtools/userspace/app/errors/intercept-console-error.js:56
[    1646ms] [LOG] [Supabase] Auth event: SIGNED_OUT @ webpack-internal:///(app-pages-browser)/./src/lib/supabase/client.ts:87
[    1646ms] [LOG] [Supabase] User signed out detected @ webpack-internal:///(app-pages-browser)/./src/lib/supabase/client.ts:92
[    1655ms] [LOG] [Supabase] Auth event: INITIAL_SESSION @ webpack-internal:///(app-pages-browser)/./src/lib/supabase/client.ts:87
[    1656ms] [LOG] [AuthContext] Session check complete: no session @ webpack-internal:///(app-pages-browser)/./src/contexts/AuthContext.tsx:97
[    1656ms] [LOG] AuthContext: storage에서 사용자 정보 복원 {id: eb46c51d-95a1-4be9-9b30-edcdbd9eb8be, clinic_id: de87b3fd-f936-49d8-a659-7b50b0019fe9, email: whitedc0902@gmail.com, password_hash: null, name: 황희수} @ webpack-internal:///(app-pages-browser)/./src/contexts/AuthContext.tsx:200
[    1656ms] [LOG] ===== AuthContext: 로딩 완료, setLoading(false) ===== @ webpack-internal:///(app-pages-browser)/./src/contexts/AuthContext.tsx:355
[    1672ms] [LOG] [CookieStorage] Session cookies refreshed @ webpack-internal:///(app-pages-browser)/./src/lib/cookieStorageAdapter.ts:258
[    1680ms] [LOG] Auth state changed: INITIAL_SESSION @ webpack-internal:///(app-pages-browser)/./src/contexts/AuthContext.tsx:210
[    1959ms] [LOG] [Fast Refresh] rebuilding @ webpack-internal:///(app-pages-browser)/./node_modules/next/dist/client/dev/hot-reloader/app/hot-reloader-app.js:196
[    1992ms] [LOG] [Fast Refresh] done in 33ms @ webpack-internal:///(app-pages-browser)/./node_modules/next/dist/client/dev/report-hmr-latency.js:13
[   17047ms] [LOG] [Fast Refresh] done in 15088ms @ webpack-internal:///(app-pages-browser)/./node_modules/next/dist/client/dev/report-hmr-latency.js:13
[   17075ms] [LOG] [Fast Refresh] rebuilding @ webpack-internal:///(app-pages-browser)/./node_modules/next/dist/client/dev/hot-reloader/app/hot-reloader-app.js:196
[   18313ms] [LOG] [Fast Refresh] done in 1238ms @ webpack-internal:///(app-pages-browser)/./node_modules/next/dist/client/dev/report-hmr-latency.js:13
[   18794ms] [LOG] [Fast Refresh] rebuilding @ webpack-internal:///(app-pages-browser)/./node_modules/next/dist/client/dev/hot-reloader/app/hot-reloader-app.js:196
[   19464ms] [LOG] [Fast Refresh] rebuilding @ webpack-internal:///(app-pages-browser)/./node_modules/next/dist/client/dev/hot-reloader/app/hot-reloader-app.js:196
[   19485ms] [LOG] [Fast Refresh] done in 22ms @ webpack-internal:///(app-pages-browser)/./node_modules/next/dist/client/dev/report-hmr-latency.js:13
[   20046ms] [LOG] [Fast Refresh] rebuilding @ webpack-internal:///(app-pages-browser)/./node_modules/next/dist/client/dev/hot-reloader/app/hot-reloader-app.js:196
[   20068ms] [LOG] [Fast Refresh] done in 21ms @ webpack-internal:///(app-pages-browser)/./node_modules/next/dist/client/dev/report-hmr-latency.js:13
[   20838ms] [LOG] [Fast Refresh] rebuilding @ webpack-internal:///(app-pages-browser)/./node_modules/next/dist/client/dev/hot-reloader/app/hot-reloader-app.js:196
[   20865ms] [LOG] [Fast Refresh] done in 26ms @ webpack-internal:///(app-pages-browser)/./node_modules/next/dist/client/dev/report-hmr-latency.js:13
[   21414ms] [LOG] [Fast Refresh] rebuilding @ webpack-internal:///(app-pages-browser)/./node_modules/next/dist/client/dev/hot-reloader/app/hot-reloader-app.js:196
[   21432ms] [LOG] [Fast Refresh] done in 18ms @ webpack-internal:///(app-pages-browser)/./node_modules/next/dist/client/dev/report-hmr-latency.js:13
[   21968ms] [LOG] [Fast Refresh] rebuilding @ webpack-internal:///(app-pages-browser)/./node_modules/next/dist/client/dev/hot-reloader/app/hot-reloader-app.js:196
[   21987ms] [LOG] [Fast Refresh] done in 18ms @ webpack-internal:///(app-pages-browser)/./node_modules/next/dist/client/dev/report-hmr-latency.js:13
[   22547ms] [LOG] [Fast Refresh] rebuilding @ webpack-internal:///(app-pages-browser)/./node_modules/next/dist/client/dev/hot-reloader/app/hot-reloader-app.js:196
[   22565ms] [LOG] [Fast Refresh] done in 18ms @ webpack-internal:///(app-pages-browser)/./node_modules/next/dist/client/dev/report-hmr-latency.js:13
[   23003ms] [LOG] [SW] 새 버전 활성화됨, 페이지 새로고침... @ webpack-internal:///(app-pages-browser)/./src/components/PWA/ServiceWorkerRegistrar.tsx:184
[   23143ms] [LOG] [Fast Refresh] rebuilding @ webpack-internal:///(app-pages-browser)/./node_modules/next/dist/client/dev/hot-reloader/app/hot-reloader-app.js:196
[   23160ms] [LOG] [SW] 등록 완료, scope: http://localhost:3000/ @ webpack-internal:///(app-pages-browser)/./src/components/PWA/ServiceWorkerRegistrar.tsx:133
[   23160ms] [LOG] [SW] 등록 완료, scope: http://localhost:3000/ @ webpack-internal:///(app-pages-browser)/./src/components/PWA/ServiceWorkerRegistrar.tsx:133
[   23176ms] [LOG] [Fast Refresh] done in 33ms @ webpack-internal:///(app-pages-browser)/./node_modules/next/dist/client/dev/report-hmr-latency.js:13
[   23751ms] [LOG] [Fast Refresh] rebuilding @ webpack-internal:///(app-pages-browser)/./node_modules/next/dist/client/dev/hot-reloader/app/hot-reloader-app.js:196
[   23771ms] [LOG] [Fast Refresh] done in 20ms @ webpack-internal:///(app-pages-browser)/./node_modules/next/dist/client/dev/report-hmr-latency.js:13
[   24756ms] Invalid or unexpected token
[   26891ms] [INFO] %cDownload the React DevTools for a better development experience: https://react.dev/link/react-devtools font-weight:bold @ webpack-internal:///(app-pages-browser)/./node_modules/next/dist/compiled/react-dom/cjs/react-dom-client.development.js:25630
