[    1246ms] [WARNING] Multiple GoTrueClient instances detected in the same browser context. It is not an error, but this should be avoided as it may produce undefined behavior when used concurrently under the same storage key. @ webpack-internal:///(app-pages-browser)/./node_modules/@supabase/auth-js/dist/module/GoTrueClient.js:84
[  211255ms] [ERROR] Failed to load resource: net::ERR_CONNECTION_REFUSED @ http://localhost:3000/api/user-notifications?userId=eb46c51d-95a1-4be9-9b30-edcdbd9eb8be&clinicId=de87b3fd-f936-49d8-a659-7b50b0019fe9&limit=10:0
[  211256ms] [ERROR] [useUserNotifications] Fetch error: TypeError: Failed to fetch
    at useUserNotifications.useCallback[fetchNotifications] (webpack-internal:///(app-pages-browser)/./src/hooks/useUserNotifications.ts:50:40) @ webpack-internal:///(app-pages-browser)/./node_modules/next/dist/next-devtools/userspace/app/errors/intercept-console-error.js:56
[  211271ms] [ERROR] Failed to load resource: net::ERR_CONNECTION_REFUSED @ http://localhost:3000/__nextjs_original-stack-frames:0
[  241253ms] [ERROR] Failed to load resource: net::ERR_CONNECTION_REFUSED @ http://localhost:3000/api/user-notifications?userId=eb46c51d-95a1-4be9-9b30-edcdbd9eb8be&clinicId=de87b3fd-f936-49d8-a659-7b50b0019fe9&limit=10:0
[  241253ms] [ERROR] [useUserNotifications] Fetch error: TypeError: Failed to fetch
    at useUserNotifications.useCallback[fetchNotifications] (webpack-internal:///(app-pages-browser)/./src/hooks/useUserNotifications.ts:50:40) @ webpack-internal:///(app-pages-browser)/./node_modules/next/dist/next-devtools/userspace/app/errors/intercept-console-error.js:56
[  271251ms] [ERROR] Failed to load resource: net::ERR_CONNECTION_REFUSED @ http://localhost:3000/api/user-notifications?userId=eb46c51d-95a1-4be9-9b30-edcdbd9eb8be&clinicId=de87b3fd-f936-49d8-a659-7b50b0019fe9&limit=10:0
[  271251ms] [ERROR] [useUserNotifications] Fetch error: TypeError: Failed to fetch
    at useUserNotifications.useCallback[fetchNotifications] (webpack-internal:///(app-pages-browser)/./src/hooks/useUserNotifications.ts:50:40) @ webpack-internal:///(app-pages-browser)/./node_modules/next/dist/next-devtools/userspace/app/errors/intercept-console-error.js:56
[  482957ms] [ERROR] Failed to load resource: the server responded with a status of 500 (Internal Server Error) @ http://localhost:3000/api/user-notifications?userId=eb46c51d-95a1-4be9-9b30-edcdbd9eb8be&clinicId=de87b3fd-f936-49d8-a659-7b50b0019fe9&limit=10:0
[  482957ms] [ERROR] [useUserNotifications] Fetch error: SyntaxError: Unexpected token 'I', "Internal S"... is not valid JSON @ webpack-internal:///(app-pages-browser)/./node_modules/next/dist/next-devtools/userspace/app/errors/intercept-console-error.js:56
[  511335ms] [ERROR] Failed to load resource: the server responded with a status of 500 (Internal Server Error) @ http://localhost:3000/api/user-notifications?userId=eb46c51d-95a1-4be9-9b30-edcdbd9eb8be&clinicId=de87b3fd-f936-49d8-a659-7b50b0019fe9&limit=10:0
[  511336ms] [ERROR] [useUserNotifications] Fetch error: SyntaxError: Unexpected token 'I', "Internal S"... is not valid JSON @ webpack-internal:///(app-pages-browser)/./node_modules/next/dist/next-devtools/userspace/app/errors/intercept-console-error.js:56
[ 3061448ms] [ERROR] Failed to load resource: the server responded with a status of 500 (Internal Server Error) @ http://localhost:3000/api/user-notifications?userId=eb46c51d-95a1-4be9-9b30-edcdbd9eb8be&clinicId=de87b3fd-f936-49d8-a659-7b50b0019fe9&limit=10:0
[ 3061448ms] [ERROR] [useUserNotifications] Fetch error: SyntaxError: Unexpected token 'I', "Internal S"... is not valid JSON @ webpack-internal:///(app-pages-browser)/./node_modules/next/dist/next-devtools/userspace/app/errors/intercept-console-error.js:56
[ 3182818ms] [ERROR] Failed to load resource: the server responded with a status of 404 (Not Found) @ http://localhost:3000/api/user-notifications?userId=eb46c51d-95a1-4be9-9b30-edcdbd9eb8be&clinicId=de87b3fd-f936-49d8-a659-7b50b0019fe9&limit=10:0
[ 3182821ms] [ERROR] [useUserNotifications] Fetch error: SyntaxError: Unexpected token '<', "<!DOCTYPE "... is not valid JSON @ webpack-internal:///(app-pages-browser)/./node_modules/next/dist/next-devtools/userspace/app/errors/intercept-console-error.js:56
[ 3211316ms] [ERROR] Failed to load resource: the server responded with a status of 404 (Not Found) @ http://localhost:3000/api/user-notifications?userId=eb46c51d-95a1-4be9-9b30-edcdbd9eb8be&clinicId=de87b3fd-f936-49d8-a659-7b50b0019fe9&limit=10:0
[ 3211320ms] [ERROR] [useUserNotifications] Fetch error: SyntaxError: Unexpected token '<', "<!DOCTYPE "... is not valid JSON @ webpack-internal:///(app-pages-browser)/./node_modules/next/dist/next-devtools/userspace/app/errors/intercept-console-error.js:56
[ 3241321ms] [ERROR] Failed to load resource: the server responded with a status of 404 (Not Found) @ http://localhost:3000/api/user-notifications?userId=eb46c51d-95a1-4be9-9b30-edcdbd9eb8be&clinicId=de87b3fd-f936-49d8-a659-7b50b0019fe9&limit=10:0
[ 3241325ms] [ERROR] [useUserNotifications] Fetch error: SyntaxError: Unexpected token '<', "<!DOCTYPE "... is not valid JSON @ webpack-internal:///(app-pages-browser)/./node_modules/next/dist/next-devtools/userspace/app/errors/intercept-console-error.js:56
[ 3271485ms] [ERROR] Failed to load resource: the server responded with a status of 500 (Internal Server Error) @ http://localhost:3000/api/user-notifications?userId=eb46c51d-95a1-4be9-9b30-edcdbd9eb8be&clinicId=de87b3fd-f936-49d8-a659-7b50b0019fe9&limit=10:0
[ 3271486ms] [ERROR] [useUserNotifications] Fetch error: SyntaxError: Unexpected token 'I', "Internal S"... is not valid JSON @ webpack-internal:///(app-pages-browser)/./node_modules/next/dist/next-devtools/userspace/app/errors/intercept-console-error.js:56
[ 4592683ms] [ERROR] WebSocket connection to 'wss://beahjntkmkfhpcbhfnrr.supabase.co/realtime/v1/websocket?apikey=eyJhbGciOiJIUzI1NiIsInR5cCI6IkpXVCJ9.eyJpc3MiOiJzdXBhYmFzZSIsInJlZiI6ImJlYWhqbnRrbWtmaHBjYmhmbnJyIiwicm9sZSI6ImFub24iLCJpYXQiOjE3NTc5NDEyNzUsImV4cCI6MjA3MzUxNzI3NX0.Af5GbqP_qQAEax5nj_ojTSz3xy1I-rBcV-TU1CwceFA&vsn=1.0.0' failed:  @ webpack-internal:///(app-pages-browser)/./node_modules/@supabase/realtime-js/dist/module/lib/websocket-factory.js:87
[ 4592683ms] [ERROR] WebSocket connection to 'wss://beahjntkmkfhpcbhfnrr.supabase.co/realtime/v1/websocket?apikey=eyJhbGciOiJIUzI1NiIsInR5cCI6IkpXVCJ9.eyJpc3MiOiJzdXBhYmFzZSIsInJlZiI6ImJlYWhqbnRrbWtmaHBjYmhmbnJyIiwicm9sZSI6ImFub24iLCJpYXQiOjE3NTc5NDEyNzUsImV4cCI6MjA3MzUxNzI3NX0.Af5GbqP_qQAEax5nj_ojTSz3xy1I-rBcV-TU1CwceFA&vsn=1.0.0' failed:  @ webpack-internal:///(app-pages-browser)/./node_modules/@supabase/realtime-js/dist/module/lib/websocket-factory.js:87
[ 5342849ms] [ERROR] Failed to load resource: the server responded with a status of 500 (Internal Server Error) @ http://localhost:3000/api/user-notifications?userId=eb46c51d-95a1-4be9-9b30-edcdbd9eb8be&clinicId=de87b3fd-f936-49d8-a659-7b50b0019fe9&limit=10:0
[ 5342850ms] [ERROR] [useUserNotifications] Fetch error: SyntaxError: Unexpected token 'I', "Internal S"... is not valid JSON @ webpack-internal:///(app-pages-browser)/./node_modules/next/dist/next-devtools/userspace/app/errors/intercept-console-error.js:56
[ 5371966ms] [ERROR] Failed to load resource: the server responded with a status of 500 (Internal Server Error) @ http://localhost:3000/api/user-notifications?userId=eb46c51d-95a1-4be9-9b30-edcdbd9eb8be&clinicId=de87b3fd-f936-49d8-a659-7b50b0019fe9&limit=10:0
[ 5371966ms] [ERROR] [useUserNotifications] Fetch error: SyntaxError: Unexpected token 'I', "Internal S"... is not valid JSON @ webpack-internal:///(app-pages-browser)/./node_modules/next/dist/next-devtools/userspace/app/errors/intercept-console-error.js:56
[ 5402485ms] [ERROR] WebSocket connection to 'wss://beahjntkmkfhpcbhfnrr.supabase.co/realtime/v1/websocket?apikey=eyJhbGciOiJIUzI1NiIsInR5cCI6IkpXVCJ9.eyJpc3MiOiJzdXBhYmFzZSIsInJlZiI6ImJlYWhqbnRrbWtmaHBjYmhmbnJyIiwicm9sZSI6ImFub24iLCJpYXQiOjE3NTc5NDEyNzUsImV4cCI6MjA3MzUxNzI3NX0.Af5GbqP_qQAEax5nj_ojTSz3xy1I-rBcV-TU1CwceFA&vsn=1.0.0' failed:  @ webpack-internal:///(app-pages-browser)/./node_modules/@supabase/realtime-js/dist/module/lib/websocket-factory.js:87
[ 5402485ms] [ERROR] WebSocket connection to 'wss://beahjntkmkfhpcbhfnrr.supabase.co/realtime/v1/websocket?apikey=eyJhbGciOiJIUzI1NiIsInR5cCI6IkpXVCJ9.eyJpc3MiOiJzdXBhYmFzZSIsInJlZiI6ImJlYWhqbnRrbWtmaHBjYmhmbnJyIiwicm9sZSI6ImFub24iLCJpYXQiOjE3NTc5NDEyNzUsImV4cCI6MjA3MzUxNzI3NX0.Af5GbqP_qQAEax5nj_ojTSz3xy1I-rBcV-TU1CwceFA&vsn=1.0.0' failed:  @ webpack-internal:///(app-pages-browser)/./node_modules/@supabase/realtime-js/dist/module/lib/websocket-factory.js:87
[ 5431284ms] [ERROR] Failed to load resource: net::ERR_CONNECTION_REFUSED @ http://localhost:3000/api/user-notifications?userId=eb46c51d-95a1-4be9-9b30-edcdbd9eb8be&clinicId=de87b3fd-f936-49d8-a659-7b50b0019fe9&limit=10:0
[ 5431285ms] [ERROR] [useUserNotifications] Fetch error: TypeError: Failed to fetch
    at useUserNotifications.useCallback[fetchNotifications] (webpack-internal:///(app-pages-browser)/./src/hooks/useUserNotifications.ts:50:40) @ webpack-internal:///(app-pages-browser)/./node_modules/next/dist/next-devtools/userspace/app/errors/intercept-console-error.js:56
[ 5461282ms] [ERROR] Failed to load resource: net::ERR_CONNECTION_REFUSED @ http://localhost:3000/api/user-notifications?userId=eb46c51d-95a1-4be9-9b30-edcdbd9eb8be&clinicId=de87b3fd-f936-49d8-a659-7b50b0019fe9&limit=10:0
[ 5461283ms] [ERROR] [useUserNotifications] Fetch error: TypeError: Failed to fetch
    at useUserNotifications.useCallback[fetchNotifications] (webpack-internal:///(app-pages-browser)/./src/hooks/useUserNotifications.ts:50:40) @ webpack-internal:///(app-pages-browser)/./node_modules/next/dist/next-devtools/userspace/app/errors/intercept-console-error.js:56
[ 5491283ms] [ERROR] Failed to load resource: net::ERR_CONNECTION_REFUSED @ http://localhost:3000/api/user-notifications?userId=eb46c51d-95a1-4be9-9b30-edcdbd9eb8be&clinicId=de87b3fd-f936-49d8-a659-7b50b0019fe9&limit=10:0
[ 5491283ms] [ERROR] [useUserNotifications] Fetch error: TypeError: Failed to fetch
    at useUserNotifications.useCallback[fetchNotifications] (webpack-internal:///(app-pages-browser)/./src/hooks/useUserNotifications.ts:50:40) @ webpack-internal:///(app-pages-browser)/./node_modules/next/dist/next-devtools/userspace/app/errors/intercept-console-error.js:56
[ 5521283ms] [ERROR] Failed to load resource: net::ERR_CONNECTION_REFUSED @ http://localhost:3000/api/user-notifications?userId=eb46c51d-95a1-4be9-9b30-edcdbd9eb8be&clinicId=de87b3fd-f936-49d8-a659-7b50b0019fe9&limit=10:0
[ 5521283ms] [ERROR] [useUserNotifications] Fetch error: TypeError: Failed to fetch
    at useUserNotifications.useCallback[fetchNotifications] (webpack-internal:///(app-pages-browser)/./src/hooks/useUserNotifications.ts:50:40) @ webpack-internal:///(app-pages-browser)/./node_modules/next/dist/next-devtools/userspace/app/errors/intercept-console-error.js:56
[ 5551283ms] [ERROR] Failed to load resource: net::ERR_CONNECTION_REFUSED @ http://localhost:3000/api/user-notifications?userId=eb46c51d-95a1-4be9-9b30-edcdbd9eb8be&clinicId=de87b3fd-f936-49d8-a659-7b50b0019fe9&limit=10:0
[ 5551284ms] [ERROR] [useUserNotifications] Fetch error: TypeError: Failed to fetch
    at useUserNotifications.useCallback[fetchNotifications] (webpack-internal:///(app-pages-browser)/./src/hooks/useUserNotifications.ts:50:40) @ webpack-internal:///(app-pages-browser)/./node_modules/next/dist/next-devtools/userspace/app/errors/intercept-console-error.js:56
[ 5581284ms] [ERROR] Failed to load resource: net::ERR_CONNECTION_REFUSED @ http://localhost:3000/api/user-notifications?userId=eb46c51d-95a1-4be9-9b30-edcdbd9eb8be&clinicId=de87b3fd-f936-49d8-a659-7b50b0019fe9&limit=10:0
[ 5581284ms] [ERROR] [useUserNotifications] Fetch error: TypeError: Failed to fetch
    at useUserNotifications.useCallback[fetchNotifications] (webpack-internal:///(app-pages-browser)/./src/hooks/useUserNotifications.ts:50:40) @ webpack-internal:///(app-pages-browser)/./node_modules/next/dist/next-devtools/userspace/app/errors/intercept-console-error.js:56
[ 5611283ms] [ERROR] Failed to load resource: net::ERR_CONNECTION_REFUSED @ http://localhost:3000/api/user-notifications?userId=eb46c51d-95a1-4be9-9b30-edcdbd9eb8be&clinicId=de87b3fd-f936-49d8-a659-7b50b0019fe9&limit=10:0
[ 5611284ms] [ERROR] [useUserNotifications] Fetch error: TypeError: Failed to fetch
    at useUserNotifications.useCallback[fetchNotifications] (webpack-internal:///(app-pages-browser)/./src/hooks/useUserNotifications.ts:50:40) @ webpack-internal:///(app-pages-browser)/./node_modules/next/dist/next-devtools/userspace/app/errors/intercept-console-error.js:56
[ 5641284ms] [ERROR] Failed to load resource: net::ERR_CONNECTION_REFUSED @ http://localhost:3000/api/user-notifications?userId=eb46c51d-95a1-4be9-9b30-edcdbd9eb8be&clinicId=de87b3fd-f936-49d8-a659-7b50b0019fe9&limit=10:0
[ 5641284ms] [ERROR] [useUserNotifications] Fetch error: TypeError: Failed to fetch
    at useUserNotifications.useCallback[fetchNotifications] (webpack-internal:///(app-pages-browser)/./src/hooks/useUserNotifications.ts:50:40) @ webpack-internal:///(app-pages-browser)/./node_modules/next/dist/next-devtools/userspace/app/errors/intercept-console-error.js:56
[ 5671284ms] [ERROR] Failed to load resource: net::ERR_CONNECTION_REFUSED @ http://localhost:3000/api/user-notifications?userId=eb46c51d-95a1-4be9-9b30-edcdbd9eb8be&clinicId=de87b3fd-f936-49d8-a659-7b50b0019fe9&limit=10:0
[ 5671284ms] [ERROR] [useUserNotifications] Fetch error: TypeError: Failed to fetch
    at useUserNotifications.useCallback[fetchNotifications] (webpack-internal:///(app-pages-browser)/./src/hooks/useUserNotifications.ts:50:40) @ webpack-internal:///(app-pages-browser)/./node_modules/next/dist/next-devtools/userspace/app/errors/intercept-console-error.js:56
[ 5701284ms] [ERROR] Failed to load resource: net::ERR_CONNECTION_REFUSED @ http://localhost:3000/api/user-notifications?userId=eb46c51d-95a1-4be9-9b30-edcdbd9eb8be&clinicId=de87b3fd-f936-49d8-a659-7b50b0019fe9&limit=10:0
[ 5701284ms] [ERROR] [useUserNotifications] Fetch error: TypeError: Failed to fetch
    at useUserNotifications.useCallback[fetchNotifications] (webpack-internal:///(app-pages-browser)/./src/hooks/useUserNotifications.ts:50:40) @ webpack-internal:///(app-pages-browser)/./node_modules/next/dist/next-devtools/userspace/app/errors/intercept-console-error.js:56
[ 5731284ms] [ERROR] Failed to load resource: net::ERR_CONNECTION_REFUSED @ http://localhost:3000/api/user-notifications?userId=eb46c51d-95a1-4be9-9b30-edcdbd9eb8be&clinicId=de87b3fd-f936-49d8-a659-7b50b0019fe9&limit=10:0
[ 5731284ms] [ERROR] [useUserNotifications] Fetch error: TypeError: Failed to fetch
    at useUserNotifications.useCallback[fetchNotifications] (webpack-internal:///(app-pages-browser)/./src/hooks/useUserNotifications.ts:50:40) @ webpack-internal:///(app-pages-browser)/./node_modules/next/dist/next-devtools/userspace/app/errors/intercept-console-error.js:56
[ 5761285ms] [ERROR] Failed to load resource: net::ERR_CONNECTION_REFUSED @ http://localhost:3000/api/user-notifications?userId=eb46c51d-95a1-4be9-9b30-edcdbd9eb8be&clinicId=de87b3fd-f936-49d8-a659-7b50b0019fe9&limit=10:0
[ 5761285ms] [ERROR] [useUserNotifications] Fetch error: TypeError: Failed to fetch
    at useUserNotifications.useCallback[fetchNotifications] (webpack-internal:///(app-pages-browser)/./src/hooks/useUserNotifications.ts:50:40) @ webpack-internal:///(app-pages-browser)/./node_modules/next/dist/next-devtools/userspace/app/errors/intercept-console-error.js:56
[ 5791284ms] [ERROR] Failed to load resource: net::ERR_CONNECTION_REFUSED @ http://localhost:3000/api/user-notifications?userId=eb46c51d-95a1-4be9-9b30-edcdbd9eb8be&clinicId=de87b3fd-f936-49d8-a659-7b50b0019fe9&limit=10:0
[ 5791284ms] [ERROR] [useUserNotifications] Fetch error: TypeError: Failed to fetch
    at useUserNotifications.useCallback[fetchNotifications] (webpack-internal:///(app-pages-browser)/./src/hooks/useUserNotifications.ts:50:40) @ webpack-internal:///(app-pages-browser)/./node_modules/next/dist/next-devtools/userspace/app/errors/intercept-console-error.js:56
[ 5821285ms] [ERROR] Failed to load resource: net::ERR_CONNECTION_REFUSED @ http://localhost:3000/api/user-notifications?userId=eb46c51d-95a1-4be9-9b30-edcdbd9eb8be&clinicId=de87b3fd-f936-49d8-a659-7b50b0019fe9&limit=10:0
[ 5821285ms] [ERROR] [useUserNotifications] Fetch error: TypeError: Failed to fetch
    at useUserNotifications.useCallback[fetchNotifications] (webpack-internal:///(app-pages-browser)/./src/hooks/useUserNotifications.ts:50:40) @ webpack-internal:///(app-pages-browser)/./node_modules/next/dist/next-devtools/userspace/app/errors/intercept-console-error.js:56
[ 5851287ms] [ERROR] Failed to load resource: net::ERR_CONNECTION_REFUSED @ http://localhost:3000/api/user-notifications?userId=eb46c51d-95a1-4be9-9b30-edcdbd9eb8be&clinicId=de87b3fd-f936-49d8-a659-7b50b0019fe9&limit=10:0
[ 5851288ms] [ERROR] [useUserNotifications] Fetch error: TypeError: Failed to fetch
    at useUserNotifications.useCallback[fetchNotifications] (webpack-internal:///(app-pages-browser)/./src/hooks/useUserNotifications.ts:50:40) @ webpack-internal:///(app-pages-browser)/./node_modules/next/dist/next-devtools/userspace/app/errors/intercept-console-error.js:56
[ 5881287ms] [ERROR] Failed to load resource: net::ERR_CONNECTION_REFUSED @ http://localhost:3000/api/user-notifications?userId=eb46c51d-95a1-4be9-9b30-edcdbd9eb8be&clinicId=de87b3fd-f936-49d8-a659-7b50b0019fe9&limit=10:0
[ 5881287ms] [ERROR] [useUserNotifications] Fetch error: TypeError: Failed to fetch
    at useUserNotifications.useCallback[fetchNotifications] (webpack-internal:///(app-pages-browser)/./src/hooks/useUserNotifications.ts:50:40) @ webpack-internal:///(app-pages-browser)/./node_modules/next/dist/next-devtools/userspace/app/errors/intercept-console-error.js:56
[ 5911287ms] [ERROR] Failed to load resource: net::ERR_CONNECTION_REFUSED @ http://localhost:3000/api/user-notifications?userId=eb46c51d-95a1-4be9-9b30-edcdbd9eb8be&clinicId=de87b3fd-f936-49d8-a659-7b50b0019fe9&limit=10:0
[ 5911288ms] [ERROR] [useUserNotifications] Fetch error: TypeError: Failed to fetch
    at useUserNotifications.useCallback[fetchNotifications] (webpack-internal:///(app-pages-browser)/./src/hooks/useUserNotifications.ts:50:40) @ webpack-internal:///(app-pages-browser)/./node_modules/next/dist/next-devtools/userspace/app/errors/intercept-console-error.js:56
[ 5941289ms] [ERROR] Failed to load resource: net::ERR_CONNECTION_REFUSED @ http://localhost:3000/api/user-notifications?userId=eb46c51d-95a1-4be9-9b30-edcdbd9eb8be&clinicId=de87b3fd-f936-49d8-a659-7b50b0019fe9&limit=10:0
[ 5941289ms] [ERROR] [useUserNotifications] Fetch error: TypeError: Failed to fetch
    at useUserNotifications.useCallback[fetchNotifications] (webpack-internal:///(app-pages-browser)/./src/hooks/useUserNotifications.ts:50:40) @ webpack-internal:///(app-pages-browser)/./node_modules/next/dist/next-devtools/userspace/app/errors/intercept-console-error.js:56
[ 5971289ms] [ERROR] Failed to load resource: net::ERR_CONNECTION_REFUSED @ http://localhost:3000/api/user-notifications?userId=eb46c51d-95a1-4be9-9b30-edcdbd9eb8be&clinicId=de87b3fd-f936-49d8-a659-7b50b0019fe9&limit=10:0
[ 5971289ms] [ERROR] [useUserNotifications] Fetch error: TypeError: Failed to fetch
    at useUserNotifications.useCallback[fetchNotifications] (webpack-internal:///(app-pages-browser)/./src/hooks/useUserNotifications.ts:50:40) @ webpack-internal:///(app-pages-browser)/./node_modules/next/dist/next-devtools/userspace/app/errors/intercept-console-error.js:56
[ 6001289ms] [ERROR] Failed to load resource: net::ERR_CONNECTION_REFUSED @ http://localhost:3000/api/user-notifications?userId=eb46c51d-95a1-4be9-9b30-edcdbd9eb8be&clinicId=de87b3fd-f936-49d8-a659-7b50b0019fe9&limit=10:0
[ 6001289ms] [ERROR] [useUserNotifications] Fetch error: TypeError: Failed to fetch
    at useUserNotifications.useCallback[fetchNotifications] (webpack-internal:///(app-pages-browser)/./src/hooks/useUserNotifications.ts:50:40) @ webpack-internal:///(app-pages-browser)/./node_modules/next/dist/next-devtools/userspace/app/errors/intercept-console-error.js:56
[ 6031287ms] [ERROR] Failed to load resource: net::ERR_CONNECTION_REFUSED @ http://localhost:3000/api/user-notifications?userId=eb46c51d-95a1-4be9-9b30-edcdbd9eb8be&clinicId=de87b3fd-f936-49d8-a659-7b50b0019fe9&limit=10:0
[ 6031287ms] [ERROR] [useUserNotifications] Fetch error: TypeError: Failed to fetch
    at useUserNotifications.useCallback[fetchNotifications] (webpack-internal:///(app-pages-browser)/./src/hooks/useUserNotifications.ts:50:40) @ webpack-internal:///(app-pages-browser)/./node_modules/next/dist/next-devtools/userspace/app/errors/intercept-console-error.js:56
[ 6061289ms] [ERROR] Failed to load resource: net::ERR_CONNECTION_REFUSED @ http://localhost:3000/api/user-notifications?userId=eb46c51d-95a1-4be9-9b30-edcdbd9eb8be&clinicId=de87b3fd-f936-49d8-a659-7b50b0019fe9&limit=10:0
[ 6061289ms] [ERROR] [useUserNotifications] Fetch error: TypeError: Failed to fetch
    at useUserNotifications.useCallback[fetchNotifications] (webpack-internal:///(app-pages-browser)/./src/hooks/useUserNotifications.ts:50:40) @ webpack-internal:///(app-pages-browser)/./node_modules/next/dist/next-devtools/userspace/app/errors/intercept-console-error.js:56
[ 6091290ms] [ERROR] Failed to load resource: net::ERR_CONNECTION_REFUSED @ http://localhost:3000/api/user-notifications?userId=eb46c51d-95a1-4be9-9b30-edcdbd9eb8be&clinicId=de87b3fd-f936-49d8-a659-7b50b0019fe9&limit=10:0
[ 6091290ms] [ERROR] [useUserNotifications] Fetch error: TypeError: Failed to fetch
    at useUserNotifications.useCallback[fetchNotifications] (webpack-internal:///(app-pages-browser)/./src/hooks/useUserNotifications.ts:50:40) @ webpack-internal:///(app-pages-browser)/./node_modules/next/dist/next-devtools/userspace/app/errors/intercept-console-error.js:56
[ 6121289ms] [ERROR] Failed to load resource: net::ERR_CONNECTION_REFUSED @ http://localhost:3000/api/user-notifications?userId=eb46c51d-95a1-4be9-9b30-edcdbd9eb8be&clinicId=de87b3fd-f936-49d8-a659-7b50b0019fe9&limit=10:0
[ 6121289ms] [ERROR] [useUserNotifications] Fetch error: TypeError: Failed to fetch
    at useUserNotifications.useCallback[fetchNotifications] (webpack-internal:///(app-pages-browser)/./src/hooks/useUserNotifications.ts:50:40) @ webpack-internal:///(app-pages-browser)/./node_modules/next/dist/next-devtools/userspace/app/errors/intercept-console-error.js:56
[ 6151290ms] [ERROR] Failed to load resource: net::ERR_CONNECTION_REFUSED @ http://localhost:3000/api/user-notifications?userId=eb46c51d-95a1-4be9-9b30-edcdbd9eb8be&clinicId=de87b3fd-f936-49d8-a659-7b50b0019fe9&limit=10:0
[ 6151290ms] [ERROR] [useUserNotifications] Fetch error: TypeError: Failed to fetch
    at useUserNotifications.useCallback[fetchNotifications] (webpack-internal:///(app-pages-browser)/./src/hooks/useUserNotifications.ts:50:40) @ webpack-internal:///(app-pages-browser)/./node_modules/next/dist/next-devtools/userspace/app/errors/intercept-console-error.js:56
[ 6181290ms] [ERROR] Failed to load resource: net::ERR_CONNECTION_REFUSED @ http://localhost:3000/api/user-notifications?userId=eb46c51d-95a1-4be9-9b30-edcdbd9eb8be&clinicId=de87b3fd-f936-49d8-a659-7b50b0019fe9&limit=10:0
[ 6181291ms] [ERROR] [useUserNotifications] Fetch error: TypeError: Failed to fetch
    at useUserNotifications.useCallback[fetchNotifications] (webpack-internal:///(app-pages-browser)/./src/hooks/useUserNotifications.ts:50:40) @ webpack-internal:///(app-pages-browser)/./node_modules/next/dist/next-devtools/userspace/app/errors/intercept-console-error.js:56
[ 6211291ms] [ERROR] Failed to load resource: net::ERR_CONNECTION_REFUSED @ http://localhost:3000/api/user-notifications?userId=eb46c51d-95a1-4be9-9b30-edcdbd9eb8be&clinicId=de87b3fd-f936-49d8-a659-7b50b0019fe9&limit=10:0
[ 6211291ms] [ERROR] [useUserNotifications] Fetch error: TypeError: Failed to fetch
    at useUserNotifications.useCallback[fetchNotifications] (webpack-internal:///(app-pages-browser)/./src/hooks/useUserNotifications.ts:50:40) @ webpack-internal:///(app-pages-browser)/./node_modules/next/dist/next-devtools/userspace/app/errors/intercept-console-error.js:56
[ 6241291ms] [ERROR] Failed to load resource: net::ERR_CONNECTION_REFUSED @ http://localhost:3000/api/user-notifications?userId=eb46c51d-95a1-4be9-9b30-edcdbd9eb8be&clinicId=de87b3fd-f936-49d8-a659-7b50b0019fe9&limit=10:0
[ 6241291ms] [ERROR] [useUserNotifications] Fetch error: TypeError: Failed to fetch
    at useUserNotifications.useCallback[fetchNotifications] (webpack-internal:///(app-pages-browser)/./src/hooks/useUserNotifications.ts:50:40) @ webpack-internal:///(app-pages-browser)/./node_modules/next/dist/next-devtools/userspace/app/errors/intercept-console-error.js:56
[ 6271290ms] [ERROR] Failed to load resource: net::ERR_CONNECTION_REFUSED @ http://localhost:3000/api/user-notifications?userId=eb46c51d-95a1-4be9-9b30-edcdbd9eb8be&clinicId=de87b3fd-f936-49d8-a659-7b50b0019fe9&limit=10:0
[ 6271290ms] [ERROR] [useUserNotifications] Fetch error: TypeError: Failed to fetch
    at useUserNotifications.useCallback[fetchNotifications] (webpack-internal:///(app-pages-browser)/./src/hooks/useUserNotifications.ts:50:40) @ webpack-internal:///(app-pages-browser)/./node_modules/next/dist/next-devtools/userspace/app/errors/intercept-console-error.js:56
[ 6301295ms] [ERROR] Failed to load resource: net::ERR_CONNECTION_REFUSED @ http://localhost:3000/api/user-notifications?userId=eb46c51d-95a1-4be9-9b30-edcdbd9eb8be&clinicId=de87b3fd-f936-49d8-a659-7b50b0019fe9&limit=10:0
[ 6301295ms] [ERROR] [useUserNotifications] Fetch error: TypeError: Failed to fetch
    at useUserNotifications.useCallback[fetchNotifications] (webpack-internal:///(app-pages-browser)/./src/hooks/useUserNotifications.ts:50:40) @ webpack-internal:///(app-pages-browser)/./node_modules/next/dist/next-devtools/userspace/app/errors/intercept-console-error.js:56
[ 6331291ms] [ERROR] Failed to load resource: net::ERR_CONNECTION_REFUSED @ http://localhost:3000/api/user-notifications?userId=eb46c51d-95a1-4be9-9b30-edcdbd9eb8be&clinicId=de87b3fd-f936-49d8-a659-7b50b0019fe9&limit=10:0
[ 6331291ms] [ERROR] [useUserNotifications] Fetch error: TypeError: Failed to fetch
    at useUserNotifications.useCallback[fetchNotifications] (webpack-internal:///(app-pages-browser)/./src/hooks/useUserNotifications.ts:50:40) @ webpack-internal:///(app-pages-browser)/./node_modules/next/dist/next-devtools/userspace/app/errors/intercept-console-error.js:56
[ 6361291ms] [ERROR] Failed to load resource: net::ERR_CONNECTION_REFUSED @ http://localhost:3000/api/user-notifications?userId=eb46c51d-95a1-4be9-9b30-edcdbd9eb8be&clinicId=de87b3fd-f936-49d8-a659-7b50b0019fe9&limit=10:0
[ 6361291ms] [ERROR] [useUserNotifications] Fetch error: TypeError: Failed to fetch
    at useUserNotifications.useCallback[fetchNotifications] (webpack-internal:///(app-pages-browser)/./src/hooks/useUserNotifications.ts:50:40) @ webpack-internal:///(app-pages-browser)/./node_modules/next/dist/next-devtools/userspace/app/errors/intercept-console-error.js:56
[ 6391291ms] [ERROR] Failed to load resource: net::ERR_CONNECTION_REFUSED @ http://localhost:3000/api/user-notifications?userId=eb46c51d-95a1-4be9-9b30-edcdbd9eb8be&clinicId=de87b3fd-f936-49d8-a659-7b50b0019fe9&limit=10:0
[ 6391291ms] [ERROR] [useUserNotifications] Fetch error: TypeError: Failed to fetch
    at useUserNotifications.useCallback[fetchNotifications] (webpack-internal:///(app-pages-browser)/./src/hooks/useUserNotifications.ts:50:40) @ webpack-internal:///(app-pages-browser)/./node_modules/next/dist/next-devtools/userspace/app/errors/intercept-console-error.js:56
[ 6421291ms] [ERROR] Failed to load resource: net::ERR_CONNECTION_REFUSED @ http://localhost:3000/api/user-notifications?userId=eb46c51d-95a1-4be9-9b30-edcdbd9eb8be&clinicId=de87b3fd-f936-49d8-a659-7b50b0019fe9&limit=10:0
[ 6421291ms] [ERROR] [useUserNotifications] Fetch error: TypeError: Failed to fetch
    at useUserNotifications.useCallback[fetchNotifications] (webpack-internal:///(app-pages-browser)/./src/hooks/useUserNotifications.ts:50:40) @ webpack-internal:///(app-pages-browser)/./node_modules/next/dist/next-devtools/userspace/app/errors/intercept-console-error.js:56
[ 6451292ms] [ERROR] Failed to load resource: net::ERR_CONNECTION_REFUSED @ http://localhost:3000/api/user-notifications?userId=eb46c51d-95a1-4be9-9b30-edcdbd9eb8be&clinicId=de87b3fd-f936-49d8-a659-7b50b0019fe9&limit=10:0
[ 6451293ms] [ERROR] [useUserNotifications] Fetch error: TypeError: Failed to fetch
    at useUserNotifications.useCallback[fetchNotifications] (webpack-internal:///(app-pages-browser)/./src/hooks/useUserNotifications.ts:50:40) @ webpack-internal:///(app-pages-browser)/./node_modules/next/dist/next-devtools/userspace/app/errors/intercept-console-error.js:56
[ 6633017ms] [ERROR] Failed to load resource: the server responded with a status of 500 (Internal Server Error) @ http://localhost:3000/api/user-notifications?userId=eb46c51d-95a1-4be9-9b30-edcdbd9eb8be&clinicId=de87b3fd-f936-49d8-a659-7b50b0019fe9&limit=10:0
[ 6633018ms] [ERROR] [useUserNotifications] Fetch error: SyntaxError: Unexpected token 'I', "Internal S"... is not valid JSON @ webpack-internal:///(app-pages-browser)/./node_modules/next/dist/next-devtools/userspace/app/errors/intercept-console-error.js:56
[ 6661875ms] [ERROR] Failed to load resource: the server responded with a status of 500 (Internal Server Error) @ http://localhost:3000/api/user-notifications?userId=eb46c51d-95a1-4be9-9b30-edcdbd9eb8be&clinicId=de87b3fd-f936-49d8-a659-7b50b0019fe9&limit=10:0
[ 6661876ms] [ERROR] [useUserNotifications] Fetch error: SyntaxError: Unexpected token 'I', "Internal S"... is not valid JSON @ webpack-internal:///(app-pages-browser)/./node_modules/next/dist/next-devtools/userspace/app/errors/intercept-console-error.js:56
[ 6692716ms] [ERROR] WebSocket connection to 'wss://beahjntkmkfhpcbhfnrr.supabase.co/realtime/v1/websocket?apikey=eyJhbGciOiJIUzI1NiIsInR5cCI6IkpXVCJ9.eyJpc3MiOiJzdXBhYmFzZSIsInJlZiI6ImJlYWhqbnRrbWtmaHBjYmhmbnJyIiwicm9sZSI6ImFub24iLCJpYXQiOjE3NTc5NDEyNzUsImV4cCI6MjA3MzUxNzI3NX0.Af5GbqP_qQAEax5nj_ojTSz3xy1I-rBcV-TU1CwceFA&vsn=1.0.0' failed:  @ webpack-internal:///(app-pages-browser)/./node_modules/@supabase/realtime-js/dist/module/lib/websocket-factory.js:87
[ 6692716ms] [ERROR] WebSocket connection to 'wss://beahjntkmkfhpcbhfnrr.supabase.co/realtime/v1/websocket?apikey=eyJhbGciOiJIUzI1NiIsInR5cCI6IkpXVCJ9.eyJpc3MiOiJzdXBhYmFzZSIsInJlZiI6ImJlYWhqbnRrbWtmaHBjYmhmbnJyIiwicm9sZSI6ImFub24iLCJpYXQiOjE3NTc5NDEyNzUsImV4cCI6MjA3MzUxNzI3NX0.Af5GbqP_qQAEax5nj_ojTSz3xy1I-rBcV-TU1CwceFA&vsn=1.0.0' failed:  @ webpack-internal:///(app-pages-browser)/./node_modules/@supabase/realtime-js/dist/module/lib/websocket-factory.js:87
[ 6721295ms] [ERROR] Failed to load resource: net::ERR_CONNECTION_REFUSED @ http://localhost:3000/api/user-notifications?userId=eb46c51d-95a1-4be9-9b30-edcdbd9eb8be&clinicId=de87b3fd-f936-49d8-a659-7b50b0019fe9&limit=10:0
[ 6721295ms] [ERROR] [useUserNotifications] Fetch error: TypeError: Failed to fetch
    at useUserNotifications.useCallback[fetchNotifications] (webpack-internal:///(app-pages-browser)/./src/hooks/useUserNotifications.ts:50:40) @ webpack-internal:///(app-pages-browser)/./node_modules/next/dist/next-devtools/userspace/app/errors/intercept-console-error.js:56
[ 6751294ms] [ERROR] Failed to load resource: net::ERR_CONNECTION_REFUSED @ http://localhost:3000/api/user-notifications?userId=eb46c51d-95a1-4be9-9b30-edcdbd9eb8be&clinicId=de87b3fd-f936-49d8-a659-7b50b0019fe9&limit=10:0
[ 6751294ms] [ERROR] [useUserNotifications] Fetch error: TypeError: Failed to fetch
    at useUserNotifications.useCallback[fetchNotifications] (webpack-internal:///(app-pages-browser)/./src/hooks/useUserNotifications.ts:50:40) @ webpack-internal:///(app-pages-browser)/./node_modules/next/dist/next-devtools/userspace/app/errors/intercept-console-error.js:56
[ 6781294ms] [ERROR] Failed to load resource: net::ERR_CONNECTION_REFUSED @ http://localhost:3000/api/user-notifications?userId=eb46c51d-95a1-4be9-9b30-edcdbd9eb8be&clinicId=de87b3fd-f936-49d8-a659-7b50b0019fe9&limit=10:0
[ 6781294ms] [ERROR] [useUserNotifications] Fetch error: TypeError: Failed to fetch
    at useUserNotifications.useCallback[fetchNotifications] (webpack-internal:///(app-pages-browser)/./src/hooks/useUserNotifications.ts:50:40) @ webpack-internal:///(app-pages-browser)/./node_modules/next/dist/next-devtools/userspace/app/errors/intercept-console-error.js:56
[ 6811295ms] [ERROR] Failed to load resource: net::ERR_CONNECTION_REFUSED @ http://localhost:3000/api/user-notifications?userId=eb46c51d-95a1-4be9-9b30-edcdbd9eb8be&clinicId=de87b3fd-f936-49d8-a659-7b50b0019fe9&limit=10:0
[ 6811296ms] [ERROR] [useUserNotifications] Fetch error: TypeError: Failed to fetch
    at useUserNotifications.useCallback[fetchNotifications] (webpack-internal:///(app-pages-browser)/./src/hooks/useUserNotifications.ts:50:40) @ webpack-internal:///(app-pages-browser)/./node_modules/next/dist/next-devtools/userspace/app/errors/intercept-console-error.js:56
[ 6841293ms] [ERROR] Failed to load resource: net::ERR_CONNECTION_REFUSED @ http://localhost:3000/api/user-notifications?userId=eb46c51d-95a1-4be9-9b30-edcdbd9eb8be&clinicId=de87b3fd-f936-49d8-a659-7b50b0019fe9&limit=10:0
[ 6841293ms] [ERROR] [useUserNotifications] Fetch error: TypeError: Failed to fetch
    at useUserNotifications.useCallback[fetchNotifications] (webpack-internal:///(app-pages-browser)/./src/hooks/useUserNotifications.ts:50:40) @ webpack-internal:///(app-pages-browser)/./node_modules/next/dist/next-devtools/userspace/app/errors/intercept-console-error.js:56
[ 6871297ms] [ERROR] Failed to load resource: net::ERR_CONNECTION_REFUSED @ http://localhost:3000/api/user-notifications?userId=eb46c51d-95a1-4be9-9b30-edcdbd9eb8be&clinicId=de87b3fd-f936-49d8-a659-7b50b0019fe9&limit=10:0
[ 6871297ms] [ERROR] [useUserNotifications] Fetch error: TypeError: Failed to fetch
    at useUserNotifications.useCallback[fetchNotifications] (webpack-internal:///(app-pages-browser)/./src/hooks/useUserNotifications.ts:50:40) @ webpack-internal:///(app-pages-browser)/./node_modules/next/dist/next-devtools/userspace/app/errors/intercept-console-error.js:56
[ 6901295ms] [ERROR] Failed to load resource: net::ERR_CONNECTION_REFUSED @ http://localhost:3000/api/user-notifications?userId=eb46c51d-95a1-4be9-9b30-edcdbd9eb8be&clinicId=de87b3fd-f936-49d8-a659-7b50b0019fe9&limit=10:0
[ 6901295ms] [ERROR] [useUserNotifications] Fetch error: TypeError: Failed to fetch
    at useUserNotifications.useCallback[fetchNotifications] (webpack-internal:///(app-pages-browser)/./src/hooks/useUserNotifications.ts:50:40) @ webpack-internal:///(app-pages-browser)/./node_modules/next/dist/next-devtools/userspace/app/errors/intercept-console-error.js:56
[ 6931297ms] [ERROR] Failed to load resource: net::ERR_CONNECTION_REFUSED @ http://localhost:3000/api/user-notifications?userId=eb46c51d-95a1-4be9-9b30-edcdbd9eb8be&clinicId=de87b3fd-f936-49d8-a659-7b50b0019fe9&limit=10:0
[ 6931297ms] [ERROR] [useUserNotifications] Fetch error: TypeError: Failed to fetch
    at useUserNotifications.useCallback[fetchNotifications] (webpack-internal:///(app-pages-browser)/./src/hooks/useUserNotifications.ts:50:40) @ webpack-internal:///(app-pages-browser)/./node_modules/next/dist/next-devtools/userspace/app/errors/intercept-console-error.js:56
[ 6961295ms] [ERROR] Failed to load resource: net::ERR_CONNECTION_REFUSED @ http://localhost:3000/api/user-notifications?userId=eb46c51d-95a1-4be9-9b30-edcdbd9eb8be&clinicId=de87b3fd-f936-49d8-a659-7b50b0019fe9&limit=10:0
[ 6961296ms] [ERROR] [useUserNotifications] Fetch error: TypeError: Failed to fetch
    at useUserNotifications.useCallback[fetchNotifications] (webpack-internal:///(app-pages-browser)/./src/hooks/useUserNotifications.ts:50:40) @ webpack-internal:///(app-pages-browser)/./node_modules/next/dist/next-devtools/userspace/app/errors/intercept-console-error.js:56
[ 6991297ms] [ERROR] Failed to load resource: net::ERR_CONNECTION_REFUSED @ http://localhost:3000/api/user-notifications?userId=eb46c51d-95a1-4be9-9b30-edcdbd9eb8be&clinicId=de87b3fd-f936-49d8-a659-7b50b0019fe9&limit=10:0
[ 6991297ms] [ERROR] [useUserNotifications] Fetch error: TypeError: Failed to fetch
    at useUserNotifications.useCallback[fetchNotifications] (webpack-internal:///(app-pages-browser)/./src/hooks/useUserNotifications.ts:50:40) @ webpack-internal:///(app-pages-browser)/./node_modules/next/dist/next-devtools/userspace/app/errors/intercept-console-error.js:56
[ 7021297ms] [ERROR] Failed to load resource: net::ERR_CONNECTION_REFUSED @ http://localhost:3000/api/user-notifications?userId=eb46c51d-95a1-4be9-9b30-edcdbd9eb8be&clinicId=de87b3fd-f936-49d8-a659-7b50b0019fe9&limit=10:0
[ 7021297ms] [ERROR] [useUserNotifications] Fetch error: TypeError: Failed to fetch
    at useUserNotifications.useCallback[fetchNotifications] (webpack-internal:///(app-pages-browser)/./src/hooks/useUserNotifications.ts:50:40) @ webpack-internal:///(app-pages-browser)/./node_modules/next/dist/next-devtools/userspace/app/errors/intercept-console-error.js:56
[ 7051296ms] [ERROR] Failed to load resource: net::ERR_CONNECTION_REFUSED @ http://localhost:3000/api/user-notifications?userId=eb46c51d-95a1-4be9-9b30-edcdbd9eb8be&clinicId=de87b3fd-f936-49d8-a659-7b50b0019fe9&limit=10:0
[ 7051297ms] [ERROR] [useUserNotifications] Fetch error: TypeError: Failed to fetch
    at useUserNotifications.useCallback[fetchNotifications] (webpack-internal:///(app-pages-browser)/./src/hooks/useUserNotifications.ts:50:40) @ webpack-internal:///(app-pages-browser)/./node_modules/next/dist/next-devtools/userspace/app/errors/intercept-console-error.js:56
[ 7081296ms] [ERROR] Failed to load resource: net::ERR_CONNECTION_REFUSED @ http://localhost:3000/api/user-notifications?userId=eb46c51d-95a1-4be9-9b30-edcdbd9eb8be&clinicId=de87b3fd-f936-49d8-a659-7b50b0019fe9&limit=10:0
[ 7081297ms] [ERROR] [useUserNotifications] Fetch error: TypeError: Failed to fetch
    at useUserNotifications.useCallback[fetchNotifications] (webpack-internal:///(app-pages-browser)/./src/hooks/useUserNotifications.ts:50:40) @ webpack-internal:///(app-pages-browser)/./node_modules/next/dist/next-devtools/userspace/app/errors/intercept-console-error.js:56
[ 7111297ms] [ERROR] Failed to load resource: net::ERR_CONNECTION_REFUSED @ http://localhost:3000/api/user-notifications?userId=eb46c51d-95a1-4be9-9b30-edcdbd9eb8be&clinicId=de87b3fd-f936-49d8-a659-7b50b0019fe9&limit=10:0
[ 7111297ms] [ERROR] [useUserNotifications] Fetch error: TypeError: Failed to fetch
    at useUserNotifications.useCallback[fetchNotifications] (webpack-internal:///(app-pages-browser)/./src/hooks/useUserNotifications.ts:50:40) @ webpack-internal:///(app-pages-browser)/./node_modules/next/dist/next-devtools/userspace/app/errors/intercept-console-error.js:56
[ 7141297ms] [ERROR] Failed to load resource: net::ERR_CONNECTION_REFUSED @ http://localhost:3000/api/user-notifications?userId=eb46c51d-95a1-4be9-9b30-edcdbd9eb8be&clinicId=de87b3fd-f936-49d8-a659-7b50b0019fe9&limit=10:0
[ 7141298ms] [ERROR] [useUserNotifications] Fetch error: TypeError: Failed to fetch
    at useUserNotifications.useCallback[fetchNotifications] (webpack-internal:///(app-pages-browser)/./src/hooks/useUserNotifications.ts:50:40) @ webpack-internal:///(app-pages-browser)/./node_modules/next/dist/next-devtools/userspace/app/errors/intercept-console-error.js:56
[ 7171297ms] [ERROR] Failed to load resource: net::ERR_CONNECTION_REFUSED @ http://localhost:3000/api/user-notifications?userId=eb46c51d-95a1-4be9-9b30-edcdbd9eb8be&clinicId=de87b3fd-f936-49d8-a659-7b50b0019fe9&limit=10:0
[ 7171297ms] [ERROR] [useUserNotifications] Fetch error: TypeError: Failed to fetch
    at useUserNotifications.useCallback[fetchNotifications] (webpack-internal:///(app-pages-browser)/./src/hooks/useUserNotifications.ts:50:40) @ webpack-internal:///(app-pages-browser)/./node_modules/next/dist/next-devtools/userspace/app/errors/intercept-console-error.js:56
[ 7201298ms] [ERROR] Failed to load resource: net::ERR_CONNECTION_REFUSED @ http://localhost:3000/api/user-notifications?userId=eb46c51d-95a1-4be9-9b30-edcdbd9eb8be&clinicId=de87b3fd-f936-49d8-a659-7b50b0019fe9&limit=10:0
[ 7201298ms] [ERROR] [useUserNotifications] Fetch error: TypeError: Failed to fetch
    at useUserNotifications.useCallback[fetchNotifications] (webpack-internal:///(app-pages-browser)/./src/hooks/useUserNotifications.ts:50:40) @ webpack-internal:///(app-pages-browser)/./node_modules/next/dist/next-devtools/userspace/app/errors/intercept-console-error.js:56
[ 7231297ms] [ERROR] Failed to load resource: net::ERR_CONNECTION_REFUSED @ http://localhost:3000/api/user-notifications?userId=eb46c51d-95a1-4be9-9b30-edcdbd9eb8be&clinicId=de87b3fd-f936-49d8-a659-7b50b0019fe9&limit=10:0
[ 7231297ms] [ERROR] [useUserNotifications] Fetch error: TypeError: Failed to fetch
    at useUserNotifications.useCallback[fetchNotifications] (webpack-internal:///(app-pages-browser)/./src/hooks/useUserNotifications.ts:50:40) @ webpack-internal:///(app-pages-browser)/./node_modules/next/dist/next-devtools/userspace/app/errors/intercept-console-error.js:56
[ 7261299ms] [ERROR] Failed to load resource: net::ERR_CONNECTION_REFUSED @ http://localhost:3000/api/user-notifications?userId=eb46c51d-95a1-4be9-9b30-edcdbd9eb8be&clinicId=de87b3fd-f936-49d8-a659-7b50b0019fe9&limit=10:0
[ 7261299ms] [ERROR] [useUserNotifications] Fetch error: TypeError: Failed to fetch
    at useUserNotifications.useCallback[fetchNotifications] (webpack-internal:///(app-pages-browser)/./src/hooks/useUserNotifications.ts:50:40) @ webpack-internal:///(app-pages-browser)/./node_modules/next/dist/next-devtools/userspace/app/errors/intercept-console-error.js:56
[ 7291298ms] [ERROR] Failed to load resource: net::ERR_CONNECTION_REFUSED @ http://localhost:3000/api/user-notifications?userId=eb46c51d-95a1-4be9-9b30-edcdbd9eb8be&clinicId=de87b3fd-f936-49d8-a659-7b50b0019fe9&limit=10:0
[ 7291298ms] [ERROR] [useUserNotifications] Fetch error: TypeError: Failed to fetch
    at useUserNotifications.useCallback[fetchNotifications] (webpack-internal:///(app-pages-browser)/./src/hooks/useUserNotifications.ts:50:40) @ webpack-internal:///(app-pages-browser)/./node_modules/next/dist/next-devtools/userspace/app/errors/intercept-console-error.js:56
[ 7321299ms] [ERROR] Failed to load resource: net::ERR_CONNECTION_REFUSED @ http://localhost:3000/api/user-notifications?userId=eb46c51d-95a1-4be9-9b30-edcdbd9eb8be&clinicId=de87b3fd-f936-49d8-a659-7b50b0019fe9&limit=10:0
[ 7321299ms] [ERROR] [useUserNotifications] Fetch error: TypeError: Failed to fetch
    at useUserNotifications.useCallback[fetchNotifications] (webpack-internal:///(app-pages-browser)/./src/hooks/useUserNotifications.ts:50:40) @ webpack-internal:///(app-pages-browser)/./node_modules/next/dist/next-devtools/userspace/app/errors/intercept-console-error.js:56
[ 7351299ms] [ERROR] Failed to load resource: net::ERR_CONNECTION_REFUSED @ http://localhost:3000/api/user-notifications?userId=eb46c51d-95a1-4be9-9b30-edcdbd9eb8be&clinicId=de87b3fd-f936-49d8-a659-7b50b0019fe9&limit=10:0
[ 7351299ms] [ERROR] [useUserNotifications] Fetch error: TypeError: Failed to fetch
    at useUserNotifications.useCallback[fetchNotifications] (webpack-internal:///(app-pages-browser)/./src/hooks/useUserNotifications.ts:50:40) @ webpack-internal:///(app-pages-browser)/./node_modules/next/dist/next-devtools/userspace/app/errors/intercept-console-error.js:56
[ 7381298ms] [ERROR] Failed to load resource: net::ERR_CONNECTION_REFUSED @ http://localhost:3000/api/user-notifications?userId=eb46c51d-95a1-4be9-9b30-edcdbd9eb8be&clinicId=de87b3fd-f936-49d8-a659-7b50b0019fe9&limit=10:0
[ 7381299ms] [ERROR] [useUserNotifications] Fetch error: TypeError: Failed to fetch
    at useUserNotifications.useCallback[fetchNotifications] (webpack-internal:///(app-pages-browser)/./src/hooks/useUserNotifications.ts:50:40) @ webpack-internal:///(app-pages-browser)/./node_modules/next/dist/next-devtools/userspace/app/errors/intercept-console-error.js:56
[ 7411299ms] [ERROR] Failed to load resource: net::ERR_CONNECTION_REFUSED @ http://localhost:3000/api/user-notifications?userId=eb46c51d-95a1-4be9-9b30-edcdbd9eb8be&clinicId=de87b3fd-f936-49d8-a659-7b50b0019fe9&limit=10:0
[ 7411299ms] [ERROR] [useUserNotifications] Fetch error: TypeError: Failed to fetch
    at useUserNotifications.useCallback[fetchNotifications] (webpack-internal:///(app-pages-browser)/./src/hooks/useUserNotifications.ts:50:40) @ webpack-internal:///(app-pages-browser)/./node_modules/next/dist/next-devtools/userspace/app/errors/intercept-console-error.js:56
[ 7441299ms] [ERROR] Failed to load resource: net::ERR_CONNECTION_REFUSED @ http://localhost:3000/api/user-notifications?userId=eb46c51d-95a1-4be9-9b30-edcdbd9eb8be&clinicId=de87b3fd-f936-49d8-a659-7b50b0019fe9&limit=10:0
[ 7441299ms] [ERROR] [useUserNotifications] Fetch error: TypeError: Failed to fetch
    at useUserNotifications.useCallback[fetchNotifications] (webpack-internal:///(app-pages-browser)/./src/hooks/useUserNotifications.ts:50:40) @ webpack-internal:///(app-pages-browser)/./node_modules/next/dist/next-devtools/userspace/app/errors/intercept-console-error.js:56
[ 7471299ms] [ERROR] Failed to load resource: net::ERR_CONNECTION_REFUSED @ http://localhost:3000/api/user-notifications?userId=eb46c51d-95a1-4be9-9b30-edcdbd9eb8be&clinicId=de87b3fd-f936-49d8-a659-7b50b0019fe9&limit=10:0
[ 7471299ms] [ERROR] [useUserNotifications] Fetch error: TypeError: Failed to fetch
    at useUserNotifications.useCallback[fetchNotifications] (webpack-internal:///(app-pages-browser)/./src/hooks/useUserNotifications.ts:50:40) @ webpack-internal:///(app-pages-browser)/./node_modules/next/dist/next-devtools/userspace/app/errors/intercept-console-error.js:56
[ 7501299ms] [ERROR] Failed to load resource: net::ERR_CONNECTION_REFUSED @ http://localhost:3000/api/user-notifications?userId=eb46c51d-95a1-4be9-9b30-edcdbd9eb8be&clinicId=de87b3fd-f936-49d8-a659-7b50b0019fe9&limit=10:0
[ 7501300ms] [ERROR] [useUserNotifications] Fetch error: TypeError: Failed to fetch
    at useUserNotifications.useCallback[fetchNotifications] (webpack-internal:///(app-pages-browser)/./src/hooks/useUserNotifications.ts:50:40) @ webpack-internal:///(app-pages-browser)/./node_modules/next/dist/next-devtools/userspace/app/errors/intercept-console-error.js:56
[ 7531299ms] [ERROR] Failed to load resource: net::ERR_CONNECTION_REFUSED @ http://localhost:3000/api/user-notifications?userId=eb46c51d-95a1-4be9-9b30-edcdbd9eb8be&clinicId=de87b3fd-f936-49d8-a659-7b50b0019fe9&limit=10:0
[ 7531299ms] [ERROR] [useUserNotifications] Fetch error: TypeError: Failed to fetch
    at useUserNotifications.useCallback[fetchNotifications] (webpack-internal:///(app-pages-browser)/./src/hooks/useUserNotifications.ts:50:40) @ webpack-internal:///(app-pages-browser)/./node_modules/next/dist/next-devtools/userspace/app/errors/intercept-console-error.js:56
[ 7561301ms] [ERROR] Failed to load resource: net::ERR_CONNECTION_REFUSED @ http://localhost:3000/api/user-notifications?userId=eb46c51d-95a1-4be9-9b30-edcdbd9eb8be&clinicId=de87b3fd-f936-49d8-a659-7b50b0019fe9&limit=10:0
[ 7561302ms] [ERROR] [useUserNotifications] Fetch error: TypeError: Failed to fetch
    at useUserNotifications.useCallback[fetchNotifications] (webpack-internal:///(app-pages-browser)/./src/hooks/useUserNotifications.ts:50:40) @ webpack-internal:///(app-pages-browser)/./node_modules/next/dist/next-devtools/userspace/app/errors/intercept-console-error.js:56
[ 7561315ms] [ERROR] Failed to load resource: the server responded with a status of 400 () @ https://beahjntkmkfhpcbhfnrr.supabase.co/auth/v1/token?grant_type=refresh_token:0
