[   74325ms] [WARNING] The resource http://localhost:3000/_next/static/css/app/layout.css?v=1774013109057 was preloaded using link preload but not used within a few seconds from the window's load event. Please make sure it has an appropriate `as` value and it is preloaded intentionally. @ http://localhost:3000/admin/marketing/posts/new:0
[   77622ms] [WARNING] The resource http://localhost:3000/_next/static/css/app/layout.css?v=1774013109057 was preloaded using link preload but not used within a few seconds from the window's load event. Please make sure it has an appropriate `as` value and it is preloaded intentionally. @ http://localhost:3000/admin/marketing/posts/new:0
[   80841ms] [WARNING] The resource http://localhost:3000/_next/static/css/app/layout.css?v=1774013109057 was preloaded using link preload but not used within a few seconds from the window's load event. Please make sure it has an appropriate `as` value and it is preloaded intentionally. @ http://localhost:3000/admin/marketing/posts/new:0
[   84054ms] [WARNING] The resource http://localhost:3000/_next/static/css/app/layout.css?v=1774013109057 was preloaded using link preload but not used within a few seconds from the window's load event. Please make sure it has an appropriate `as` value and it is preloaded intentionally. @ http://localhost:3000/admin/marketing/posts/new:0
[   88350ms] [WARNING] The resource http://localhost:3000/_next/static/css/app/layout.css?v=1774013123331 was preloaded using link preload but not used within a few seconds from the window's load event. Please make sure it has an appropriate `as` value and it is preloaded intentionally. @ http://localhost:3000/admin/marketing/posts/new:0
[   88350ms] [WARNING] The resource http://localhost:3000/_next/static/css/app/layout.css?v=1774013109057 was preloaded using link preload but not used within a few seconds from the window's load event. Please make sure it has an appropriate `as` value and it is preloaded intentionally. @ http://localhost:3000/admin/marketing/posts/new:0
[   94216ms] [WARNING] The resource http://localhost:3000/_next/static/css/app/layout.css?v=1774013123331 was preloaded using link preload but not used within a few seconds from the window's load event. Please make sure it has an appropriate `as` value and it is preloaded intentionally. @ http://localhost:3000/admin/marketing/posts/new:0
[   94216ms] [WARNING] The resource http://localhost:3000/_next/static/css/app/layout.css?v=1774013109057 was preloaded using link preload but not used within a few seconds from the window's load event. Please make sure it has an appropriate `as` value and it is preloaded intentionally. @ http://localhost:3000/admin/marketing/posts/new:0
[   97453ms] [WARNING] The resource http://localhost:3000/_next/static/css/app/layout.css?v=1774013123331 was preloaded using link preload but not used within a few seconds from the window's load event. Please make sure it has an appropriate `as` value and it is preloaded intentionally. @ http://localhost:3000/admin/marketing/posts/new:0
[   97453ms] [WARNING] The resource http://localhost:3000/_next/static/css/app/layout.css?v=1774013109057 was preloaded using link preload but not used within a few seconds from the window's load event. Please make sure it has an appropriate `as` value and it is preloaded intentionally. @ http://localhost:3000/admin/marketing/posts/new:0
[  100713ms] [WARNING] The resource http://localhost:3000/_next/static/css/app/layout.css?v=1774013123331 was preloaded using link preload but not used within a few seconds from the window's load event. Please make sure it has an appropriate `as` value and it is preloaded intentionally. @ http://localhost:3000/admin/marketing/posts/new:0
[  100713ms] [WARNING] The resource http://localhost:3000/_next/static/css/app/layout.css?v=1774013109057 was preloaded using link preload but not used within a few seconds from the window's load event. Please make sure it has an appropriate `as` value and it is preloaded intentionally. @ http://localhost:3000/admin/marketing/posts/new:0
[  103954ms] [WARNING] The resource http://localhost:3000/_next/static/css/app/layout.css?v=1774013123331 was preloaded using link preload but not used within a few seconds from the window's load event. Please make sure it has an appropriate `as` value and it is preloaded intentionally. @ http://localhost:3000/admin/marketing/posts/new:0
[  103954ms] [WARNING] The resource http://localhost:3000/_next/static/css/app/layout.css?v=1774013109057 was preloaded using link preload but not used within a few seconds from the window's load event. Please make sure it has an appropriate `as` value and it is preloaded intentionally. @ http://localhost:3000/admin/marketing/posts/new:0
[  111814ms] [WARNING] The resource http://localhost:3000/_next/static/css/app/layout.css?v=1774013123331 was preloaded using link preload but not used within a few seconds from the window's load event. Please make sure it has an appropriate `as` value and it is preloaded intentionally. @ http://localhost:3000/admin/marketing/posts/new:0
[  111814ms] [WARNING] The resource http://localhost:3000/_next/static/css/app/layout.css?v=1774013109057 was preloaded using link preload but not used within a few seconds from the window's load event. Please make sure it has an appropriate `as` value and it is preloaded intentionally. @ http://localhost:3000/admin/marketing/posts/new:0
[  115121ms] [WARNING] The resource http://localhost:3000/_next/static/css/app/layout.css?v=1774013123331 was preloaded using link preload but not used within a few seconds from the window's load event. Please make sure it has an appropriate `as` value and it is preloaded intentionally. @ http://localhost:3000/admin/marketing/posts/new:0
[  115121ms] [WARNING] The resource http://localhost:3000/_next/static/css/app/layout.css?v=1774013109057 was preloaded using link preload but not used within a few seconds from the window's load event. Please make sure it has an appropriate `as` value and it is preloaded intentionally. @ http://localhost:3000/admin/marketing/posts/new:0
[  118348ms] [WARNING] The resource http://localhost:3000/_next/static/css/app/layout.css?v=1774013123331 was preloaded using link preload but not used within a few seconds from the window's load event. Please make sure it has an appropriate `as` value and it is preloaded intentionally. @ http://localhost:3000/admin/marketing/posts/new:0
[  118348ms] [WARNING] The resource http://localhost:3000/_next/static/css/app/layout.css?v=1774013109057 was preloaded using link preload but not used within a few seconds from the window's load event. Please make sure it has an appropriate `as` value and it is preloaded intentionally. @ http://localhost:3000/admin/marketing/posts/new:0
[  124196ms] [WARNING] The resource http://localhost:3000/_next/static/css/app/layout.css?v=1774013123331 was preloaded using link preload but not used within a few seconds from the window's load event. Please make sure it has an appropriate `as` value and it is preloaded intentionally. @ http://localhost:3000/admin/marketing/posts/new:0
[  124196ms] [WARNING] The resource http://localhost:3000/_next/static/css/app/layout.css?v=1774013109057 was preloaded using link preload but not used within a few seconds from the window's load event. Please make sure it has an appropriate `as` value and it is preloaded intentionally. @ http://localhost:3000/admin/marketing/posts/new:0
[  127453ms] [WARNING] The resource http://localhost:3000/_next/static/css/app/layout.css?v=1774013123331 was preloaded using link preload but not used within a few seconds from the window's load event. Please make sure it has an appropriate `as` value and it is preloaded intentionally. @ http://localhost:3000/admin/marketing/posts/new:0
[  127453ms] [WARNING] The resource http://localhost:3000/_next/static/css/app/layout.css?v=1774013109057 was preloaded using link preload but not used within a few seconds from the window's load event. Please make sure it has an appropriate `as` value and it is preloaded intentionally. @ http://localhost:3000/admin/marketing/posts/new:0
[  130705ms] [WARNING] The resource http://localhost:3000/_next/static/css/app/layout.css?v=1774013123331 was preloaded using link preload but not used within a few seconds from the window's load event. Please make sure it has an appropriate `as` value and it is preloaded intentionally. @ http://localhost:3000/admin/marketing/posts/new:0
[  130706ms] [WARNING] The resource http://localhost:3000/_next/static/css/app/layout.css?v=1774013109057 was preloaded using link preload but not used within a few seconds from the window's load event. Please make sure it has an appropriate `as` value and it is preloaded intentionally. @ http://localhost:3000/admin/marketing/posts/new:0
[  133949ms] [WARNING] The resource http://localhost:3000/_next/static/css/app/layout.css?v=1774013123331 was preloaded using link preload but not used within a few seconds from the window's load event. Please make sure it has an appropriate `as` value and it is preloaded intentionally. @ http://localhost:3000/admin/marketing/posts/new:0
[  133949ms] [WARNING] The resource http://localhost:3000/_next/static/css/app/layout.css?v=1774013109057 was preloaded using link preload but not used within a few seconds from the window's load event. Please make sure it has an appropriate `as` value and it is preloaded intentionally. @ http://localhost:3000/admin/marketing/posts/new:0
[  137177ms] [WARNING] The resource http://localhost:3000/_next/static/css/app/layout.css?v=1774013123331 was preloaded using link preload but not used within a few seconds from the window's load event. Please make sure it has an appropriate `as` value and it is preloaded intentionally. @ http://localhost:3000/admin/marketing/posts/new:0
[  137178ms] [WARNING] The resource http://localhost:3000/_next/static/css/app/layout.css?v=1774013109057 was preloaded using link preload but not used within a few seconds from the window's load event. Please make sure it has an appropriate `as` value and it is preloaded intentionally. @ http://localhost:3000/admin/marketing/posts/new:0
[  140869ms] [WARNING] The resource http://localhost:3000/_next/static/css/app/layout.css?v=1774013123331 was preloaded using link preload but not used within a few seconds from the window's load event. Please make sure it has an appropriate `as` value and it is preloaded intentionally. @ http://localhost:3000/admin/marketing/posts/new:0
[  140869ms] [WARNING] The resource http://localhost:3000/_next/static/css/app/layout.css?v=1774013109057 was preloaded using link preload but not used within a few seconds from the window's load event. Please make sure it has an appropriate `as` value and it is preloaded intentionally. @ http://localhost:3000/admin/marketing/posts/new:0
[  144119ms] [WARNING] The resource http://localhost:3000/_next/static/css/app/layout.css?v=1774013123331 was preloaded using link preload but not used within a few seconds from the window's load event. Please make sure it has an appropriate `as` value and it is preloaded intentionally. @ http://localhost:3000/admin/marketing/posts/new:0
[  144119ms] [WARNING] The resource http://localhost:3000/_next/static/css/app/layout.css?v=1774013109057 was preloaded using link preload but not used within a few seconds from the window's load event. Please make sure it has an appropriate `as` value and it is preloaded intentionally. @ http://localhost:3000/admin/marketing/posts/new:0
[  147357ms] [WARNING] The resource http://localhost:3000/_next/static/css/app/layout.css?v=1774013123331 was preloaded using link preload but not used within a few seconds from the window's load event. Please make sure it has an appropriate `as` value and it is preloaded intentionally. @ http://localhost:3000/admin/marketing/posts/new:0
[  147357ms] [WARNING] The resource http://localhost:3000/_next/static/css/app/layout.css?v=1774013109057 was preloaded using link preload but not used within a few seconds from the window's load event. Please make sure it has an appropriate `as` value and it is preloaded intentionally. @ http://localhost:3000/admin/marketing/posts/new:0
[  150605ms] [WARNING] The resource http://localhost:3000/_next/static/css/app/layout.css?v=1774013123331 was preloaded using link preload but not used within a few seconds from the window's load event. Please make sure it has an appropriate `as` value and it is preloaded intentionally. @ http://localhost:3000/admin/marketing/posts/new:0
[  150605ms] [WARNING] The resource http://localhost:3000/_next/static/css/app/layout.css?v=1774013109057 was preloaded using link preload but not used within a few seconds from the window's load event. Please make sure it has an appropriate `as` value and it is preloaded intentionally. @ http://localhost:3000/admin/marketing/posts/new:0
[  155089ms] [WARNING] The resource http://localhost:3000/_next/static/css/app/layout.css?v=1774013123331 was preloaded using link preload but not used within a few seconds from the window's load event. Please make sure it has an appropriate `as` value and it is preloaded intentionally. @ http://localhost:3000/admin/marketing/posts/new:0
[  155089ms] [WARNING] The resource http://localhost:3000/_next/static/css/app/layout.css?v=1774013109057 was preloaded using link preload but not used within a few seconds from the window's load event. Please make sure it has an appropriate `as` value and it is preloaded intentionally. @ http://localhost:3000/admin/marketing/posts/new:0
[  158321ms] [WARNING] The resource http://localhost:3000/_next/static/css/app/layout.css?v=1774013123331 was preloaded using link preload but not used within a few seconds from the window's load event. Please make sure it has an appropriate `as` value and it is preloaded intentionally. @ http://localhost:3000/admin/marketing/posts/new:0
[  158321ms] [WARNING] The resource http://localhost:3000/_next/static/css/app/layout.css?v=1774013109057 was preloaded using link preload but not used within a few seconds from the window's load event. Please make sure it has an appropriate `as` value and it is preloaded intentionally. @ http://localhost:3000/admin/marketing/posts/new:0
[  161542ms] [WARNING] The resource http://localhost:3000/_next/static/css/app/layout.css?v=1774013123331 was preloaded using link preload but not used within a few seconds from the window's load event. Please make sure it has an appropriate `as` value and it is preloaded intentionally. @ http://localhost:3000/admin/marketing/posts/new:0
[  161542ms] [WARNING] The resource http://localhost:3000/_next/static/css/app/layout.css?v=1774013109057 was preloaded using link preload but not used within a few seconds from the window's load event. Please make sure it has an appropriate `as` value and it is preloaded intentionally. @ http://localhost:3000/admin/marketing/posts/new:0
[  164800ms] [WARNING] The resource http://localhost:3000/_next/static/css/app/layout.css?v=1774013123331 was preloaded using link preload but not used within a few seconds from the window's load event. Please make sure it has an appropriate `as` value and it is preloaded intentionally. @ http://localhost:3000/admin/marketing/posts/new:0
[  164800ms] [WARNING] The resource http://localhost:3000/_next/static/css/app/layout.css?v=1774013109057 was preloaded using link preload but not used within a few seconds from the window's load event. Please make sure it has an appropriate `as` value and it is preloaded intentionally. @ http://localhost:3000/admin/marketing/posts/new:0
[  168008ms] [WARNING] The resource http://localhost:3000/_next/static/css/app/layout.css?v=1774013123331 was preloaded using link preload but not used within a few seconds from the window's load event. Please make sure it has an appropriate `as` value and it is preloaded intentionally. @ http://localhost:3000/admin/marketing/posts/new:0
[  168008ms] [WARNING] The resource http://localhost:3000/_next/static/css/app/layout.css?v=1774013109057 was preloaded using link preload but not used within a few seconds from the window's load event. Please make sure it has an appropriate `as` value and it is preloaded intentionally. @ http://localhost:3000/admin/marketing/posts/new:0
[  171258ms] [WARNING] The resource http://localhost:3000/_next/static/css/app/layout.css?v=1774013123331 was preloaded using link preload but not used within a few seconds from the window's load event. Please make sure it has an appropriate `as` value and it is preloaded intentionally. @ http://localhost:3000/admin/marketing/posts/new:0
[  171258ms] [WARNING] The resource http://localhost:3000/_next/static/css/app/layout.css?v=1774013109057 was preloaded using link preload but not used within a few seconds from the window's load event. Please make sure it has an appropriate `as` value and it is preloaded intentionally. @ http://localhost:3000/admin/marketing/posts/new:0
[  174514ms] [WARNING] The resource http://localhost:3000/_next/static/css/app/layout.css?v=1774013123331 was preloaded using link preload but not used within a few seconds from the window's load event. Please make sure it has an appropriate `as` value and it is preloaded intentionally. @ http://localhost:3000/admin/marketing/posts/new:0
[  174514ms] [WARNING] The resource http://localhost:3000/_next/static/css/app/layout.css?v=1774013109057 was preloaded using link preload but not used within a few seconds from the window's load event. Please make sure it has an appropriate `as` value and it is preloaded intentionally. @ http://localhost:3000/admin/marketing/posts/new:0
[  177747ms] [WARNING] The resource http://localhost:3000/_next/static/css/app/layout.css?v=1774013123331 was preloaded using link preload but not used within a few seconds from the window's load event. Please make sure it has an appropriate `as` value and it is preloaded intentionally. @ http://localhost:3000/admin/marketing/posts/new:0
[  177747ms] [WARNING] The resource http://localhost:3000/_next/static/css/app/layout.css?v=1774013109057 was preloaded using link preload but not used within a few seconds from the window's load event. Please make sure it has an appropriate `as` value and it is preloaded intentionally. @ http://localhost:3000/admin/marketing/posts/new:0
[  181027ms] [WARNING] The resource http://localhost:3000/_next/static/css/app/layout.css?v=1774013123331 was preloaded using link preload but not used within a few seconds from the window's load event. Please make sure it has an appropriate `as` value and it is preloaded intentionally. @ http://localhost:3000/admin/marketing/posts/new:0
[  181028ms] [WARNING] The resource http://localhost:3000/_next/static/css/app/layout.css?v=1774013109057 was preloaded using link preload but not used within a few seconds from the window's load event. Please make sure it has an appropriate `as` value and it is preloaded intentionally. @ http://localhost:3000/admin/marketing/posts/new:0
[  184262ms] [WARNING] The resource http://localhost:3000/_next/static/css/app/layout.css?v=1774013123331 was preloaded using link preload but not used within a few seconds from the window's load event. Please make sure it has an appropriate `as` value and it is preloaded intentionally. @ http://localhost:3000/admin/marketing/posts/new:0
[  184262ms] [WARNING] The resource http://localhost:3000/_next/static/css/app/layout.css?v=1774013109057 was preloaded using link preload but not used within a few seconds from the window's load event. Please make sure it has an appropriate `as` value and it is preloaded intentionally. @ http://localhost:3000/admin/marketing/posts/new:0
[  187479ms] [WARNING] The resource http://localhost:3000/_next/static/css/app/layout.css?v=1774013123331 was preloaded using link preload but not used within a few seconds from the window's load event. Please make sure it has an appropriate `as` value and it is preloaded intentionally. @ http://localhost:3000/admin/marketing/posts/new:0
[  187480ms] [WARNING] The resource http://localhost:3000/_next/static/css/app/layout.css?v=1774013109057 was preloaded using link preload but not used within a few seconds from the window's load event. Please make sure it has an appropriate `as` value and it is preloaded intentionally. @ http://localhost:3000/admin/marketing/posts/new:0
[  190699ms] [WARNING] The resource http://localhost:3000/_next/static/css/app/layout.css?v=1774013123331 was preloaded using link preload but not used within a few seconds from the window's load event. Please make sure it has an appropriate `as` value and it is preloaded intentionally. @ http://localhost:3000/admin/marketing/posts/new:0
[  190699ms] [WARNING] The resource http://localhost:3000/_next/static/css/app/layout.css?v=1774013109057 was preloaded using link preload but not used within a few seconds from the window's load event. Please make sure it has an appropriate `as` value and it is preloaded intentionally. @ http://localhost:3000/admin/marketing/posts/new:0
[  193952ms] [WARNING] The resource http://localhost:3000/_next/static/css/app/layout.css?v=1774013123331 was preloaded using link preload but not used within a few seconds from the window's load event. Please make sure it has an appropriate `as` value and it is preloaded intentionally. @ http://localhost:3000/admin/marketing/posts/new:0
[  193953ms] [WARNING] The resource http://localhost:3000/_next/static/css/app/layout.css?v=1774013109057 was preloaded using link preload but not used within a few seconds from the window's load event. Please make sure it has an appropriate `as` value and it is preloaded intentionally. @ http://localhost:3000/admin/marketing/posts/new:0
[  197181ms] [WARNING] The resource http://localhost:3000/_next/static/css/app/layout.css?v=1774013123331 was preloaded using link preload but not used within a few seconds from the window's load event. Please make sure it has an appropriate `as` value and it is preloaded intentionally. @ http://localhost:3000/admin/marketing/posts/new:0
[  197182ms] [WARNING] The resource http://localhost:3000/_next/static/css/app/layout.css?v=1774013109057 was preloaded using link preload but not used within a few seconds from the window's load event. Please make sure it has an appropriate `as` value and it is preloaded intentionally. @ http://localhost:3000/admin/marketing/posts/new:0
[  200403ms] [WARNING] The resource http://localhost:3000/_next/static/css/app/layout.css?v=1774013123331 was preloaded using link preload but not used within a few seconds from the window's load event. Please make sure it has an appropriate `as` value and it is preloaded intentionally. @ http://localhost:3000/admin/marketing/posts/new:0
[  200403ms] [WARNING] The resource http://localhost:3000/_next/static/css/app/layout.css?v=1774013109057 was preloaded using link preload but not used within a few seconds from the window's load event. Please make sure it has an appropriate `as` value and it is preloaded intentionally. @ http://localhost:3000/admin/marketing/posts/new:0
[  203632ms] [WARNING] The resource http://localhost:3000/_next/static/css/app/layout.css?v=1774013123331 was preloaded using link preload but not used within a few seconds from the window's load event. Please make sure it has an appropriate `as` value and it is preloaded intentionally. @ http://localhost:3000/admin/marketing/posts/new:0
[  203632ms] [WARNING] The resource http://localhost:3000/_next/static/css/app/layout.css?v=1774013109057 was preloaded using link preload but not used within a few seconds from the window's load event. Please make sure it has an appropriate `as` value and it is preloaded intentionally. @ http://localhost:3000/admin/marketing/posts/new:0
[  206991ms] [WARNING] The resource http://localhost:3000/_next/static/css/app/layout.css?v=1774013123331 was preloaded using link preload but not used within a few seconds from the window's load event. Please make sure it has an appropriate `as` value and it is preloaded intentionally. @ http://localhost:3000/admin/marketing/posts/new:0
[  206991ms] [WARNING] The resource http://localhost:3000/_next/static/css/app/layout.css?v=1774013109057 was preloaded using link preload but not used within a few seconds from the window's load event. Please make sure it has an appropriate `as` value and it is preloaded intentionally. @ http://localhost:3000/admin/marketing/posts/new:0
[  210247ms] [WARNING] The resource http://localhost:3000/_next/static/css/app/layout.css?v=1774013123331 was preloaded using link preload but not used within a few seconds from the window's load event. Please make sure it has an appropriate `as` value and it is preloaded intentionally. @ http://localhost:3000/admin/marketing/posts/new:0
[  210248ms] [WARNING] The resource http://localhost:3000/_next/static/css/app/layout.css?v=1774013109057 was preloaded using link preload but not used within a few seconds from the window's load event. Please make sure it has an appropriate `as` value and it is preloaded intentionally. @ http://localhost:3000/admin/marketing/posts/new:0
[  214171ms] [WARNING] The resource http://localhost:3000/_next/static/css/app/layout.css?v=1774013123331 was preloaded using link preload but not used within a few seconds from the window's load event. Please make sure it has an appropriate `as` value and it is preloaded intentionally. @ http://localhost:3000/admin/marketing/posts/new:0
[  214171ms] [WARNING] The resource http://localhost:3000/_next/static/css/app/layout.css?v=1774013109057 was preloaded using link preload but not used within a few seconds from the window's load event. Please make sure it has an appropriate `as` value and it is preloaded intentionally. @ http://localhost:3000/admin/marketing/posts/new:0
[  217398ms] [WARNING] The resource http://localhost:3000/_next/static/css/app/layout.css?v=1774013123331 was preloaded using link preload but not used within a few seconds from the window's load event. Please make sure it has an appropriate `as` value and it is preloaded intentionally. @ http://localhost:3000/admin/marketing/posts/new:0
[  217398ms] [WARNING] The resource http://localhost:3000/_next/static/css/app/layout.css?v=1774013109057 was preloaded using link preload but not used within a few seconds from the window's load event. Please make sure it has an appropriate `as` value and it is preloaded intentionally. @ http://localhost:3000/admin/marketing/posts/new:0
[  220656ms] [WARNING] The resource http://localhost:3000/_next/static/css/app/layout.css?v=1774013123331 was preloaded using link preload but not used within a few seconds from the window's load event. Please make sure it has an appropriate `as` value and it is preloaded intentionally. @ http://localhost:3000/admin/marketing/posts/new:0
[  220656ms] [WARNING] The resource http://localhost:3000/_next/static/css/app/layout.css?v=1774013109057 was preloaded using link preload but not used within a few seconds from the window's load event. Please make sure it has an appropriate `as` value and it is preloaded intentionally. @ http://localhost:3000/admin/marketing/posts/new:0
[  223931ms] [WARNING] The resource http://localhost:3000/_next/static/css/app/layout.css?v=1774013123331 was preloaded using link preload but not used within a few seconds from the window's load event. Please make sure it has an appropriate `as` value and it is preloaded intentionally. @ http://localhost:3000/admin/marketing/posts/new:0
[  223932ms] [WARNING] The resource http://localhost:3000/_next/static/css/app/layout.css?v=1774013109057 was preloaded using link preload but not used within a few seconds from the window's load event. Please make sure it has an appropriate `as` value and it is preloaded intentionally. @ http://localhost:3000/admin/marketing/posts/new:0
[  227149ms] [WARNING] The resource http://localhost:3000/_next/static/css/app/layout.css?v=1774013123331 was preloaded using link preload but not used within a few seconds from the window's load event. Please make sure it has an appropriate `as` value and it is preloaded intentionally. @ http://localhost:3000/admin/marketing/posts/new:0
[  227149ms] [WARNING] The resource http://localhost:3000/_next/static/css/app/layout.css?v=1774013109057 was preloaded using link preload but not used within a few seconds from the window's load event. Please make sure it has an appropriate `as` value and it is preloaded intentionally. @ http://localhost:3000/admin/marketing/posts/new:0
[  230155ms] [ERROR] Failed to load resource: the server responded with a status of 404 (Not Found) @ http://localhost:3000/admin/marketing/posts/new?_rsc=9gl22:0
[  384687ms] [ERROR] Failed to load resource: the server responded with a status of 500 (Internal Server Error) @ http://localhost:3000/api/user-notifications?userId=eb46c51d-95a1-4be9-9b30-edcdbd9eb8be&clinicId=de87b3fd-f936-49d8-a659-7b50b0019fe9&limit=10:0
[  384688ms] [ERROR] [useUserNotifications] Fetch error: SyntaxError: Unexpected token 'I', "Internal S"... is not valid JSON @ webpack-internal:///(app-pages-browser)/./node_modules/next/dist/next-devtools/userspace/app/errors/intercept-console-error.js:56
[  385497ms] [ERROR] Failed to load resource: the server responded with a status of 500 (Internal Server Error) @ http://localhost:3000/admin/marketing/posts/new?_rsc=9gl22:0
[  386409ms] [ERROR] Failed to load resource: the server responded with a status of 500 (Internal Server Error) @ http://localhost:3000/admin/marketing/posts/new?_rsc=9gl22:0
[  387072ms] [ERROR] Failed to load resource: the server responded with a status of 500 (Internal Server Error) @ http://localhost:3000/admin/marketing/posts/new?_rsc=9gl22:0
[  387715ms] [ERROR] Failed to load resource: the server responded with a status of 500 (Internal Server Error) @ http://localhost:3000/admin/marketing/posts/new?_rsc=9gl22:0
[  388564ms] [ERROR] Failed to load resource: the server responded with a status of 500 (Internal Server Error) @ http://localhost:3000/admin/marketing/posts/new?_rsc=9gl22:0
[  389252ms] [ERROR] Failed to load resource: the server responded with a status of 500 (Internal Server Error) @ http://localhost:3000/admin/marketing/posts/new?_rsc=9gl22:0
[  389901ms] [ERROR] Failed to load resource: the server responded with a status of 500 (Internal Server Error) @ http://localhost:3000/admin/marketing/posts/new?_rsc=9gl22:0
[  390559ms] [ERROR] Failed to load resource: the server responded with a status of 500 (Internal Server Error) @ http://localhost:3000/admin/marketing/posts/new?_rsc=9gl22:0
[  391418ms] [ERROR] Failed to load resource: the server responded with a status of 500 (Internal Server Error) @ http://localhost:3000/admin/marketing/posts/new?_rsc=9gl22:0
[  392107ms] [ERROR] Failed to load resource: the server responded with a status of 500 (Internal Server Error) @ http://localhost:3000/admin/marketing/posts/new?_rsc=9gl22:0
[  392746ms] [ERROR] Failed to load resource: the server responded with a status of 500 (Internal Server Error) @ http://localhost:3000/admin/marketing/posts/new?_rsc=9gl22:0
[  393611ms] [ERROR] Failed to load resource: the server responded with a status of 500 (Internal Server Error) @ http://localhost:3000/admin/marketing/posts/new?_rsc=9gl22:0
[  394303ms] [ERROR] Failed to load resource: the server responded with a status of 500 (Internal Server Error) @ http://localhost:3000/admin/marketing/posts/new?_rsc=9gl22:0
[  394967ms] [ERROR] Failed to load resource: the server responded with a status of 500 (Internal Server Error) @ http://localhost:3000/admin/marketing/posts/new?_rsc=9gl22:0
[  395607ms] [ERROR] Failed to load resource: the server responded with a status of 500 (Internal Server Error) @ http://localhost:3000/admin/marketing/posts/new?_rsc=9gl22:0
[  396447ms] [ERROR] Failed to load resource: the server responded with a status of 500 (Internal Server Error) @ http://localhost:3000/admin/marketing/posts/new?_rsc=9gl22:0
[  397129ms] [ERROR] Failed to load resource: the server responded with a status of 500 (Internal Server Error) @ http://localhost:3000/admin/marketing/posts/new?_rsc=9gl22:0
[  397974ms] [ERROR] Failed to load resource: the server responded with a status of 500 (Internal Server Error) @ http://localhost:3000/admin/marketing/posts/new?_rsc=9gl22:0
[  398639ms] [ERROR] Failed to load resource: the server responded with a status of 500 (Internal Server Error) @ http://localhost:3000/admin/marketing/posts/new?_rsc=9gl22:0
[  399335ms] [ERROR] Failed to load resource: the server responded with a status of 500 (Internal Server Error) @ http://localhost:3000/admin/marketing/posts/new?_rsc=9gl22:0
[  399971ms] [ERROR] Failed to load resource: the server responded with a status of 500 (Internal Server Error) @ http://localhost:3000/admin/marketing/posts/new?_rsc=9gl22:0
[  400604ms] [ERROR] Failed to load resource: the server responded with a status of 500 (Internal Server Error) @ http://localhost:3000/admin/marketing/posts/new?_rsc=9gl22:0
[  401250ms] [ERROR] Failed to load resource: the server responded with a status of 500 (Internal Server Error) @ http://localhost:3000/admin/marketing/posts/new?_rsc=9gl22:0
[  401894ms] [ERROR] Failed to load resource: the server responded with a status of 500 (Internal Server Error) @ http://localhost:3000/admin/marketing/posts/new?_rsc=9gl22:0
[  402544ms] [ERROR] Failed to load resource: the server responded with a status of 500 (Internal Server Error) @ http://localhost:3000/admin/marketing/posts/new?_rsc=9gl22:0
[  403183ms] [ERROR] Failed to load resource: the server responded with a status of 500 (Internal Server Error) @ http://localhost:3000/admin/marketing/posts/new?_rsc=9gl22:0
[  404025ms] [ERROR] Failed to load resource: the server responded with a status of 500 (Internal Server Error) @ http://localhost:3000/admin/marketing/posts/new?_rsc=9gl22:0
[  404705ms] [ERROR] Failed to load resource: the server responded with a status of 500 (Internal Server Error) @ http://localhost:3000/admin/marketing/posts/new?_rsc=9gl22:0
[  405343ms] [ERROR] Failed to load resource: the server responded with a status of 500 (Internal Server Error) @ http://localhost:3000/admin/marketing/posts/new?_rsc=9gl22:0
[  405980ms] [ERROR] Failed to load resource: the server responded with a status of 500 (Internal Server Error) @ http://localhost:3000/admin/marketing/posts/new?_rsc=9gl22:0
[  406619ms] [ERROR] Failed to load resource: the server responded with a status of 500 (Internal Server Error) @ http://localhost:3000/admin/marketing/posts/new?_rsc=9gl22:0
[  407265ms] [ERROR] Failed to load resource: the server responded with a status of 500 (Internal Server Error) @ http://localhost:3000/admin/marketing/posts/new?_rsc=9gl22:0
[  407910ms] [ERROR] Failed to load resource: the server responded with a status of 500 (Internal Server Error) @ http://localhost:3000/admin/marketing/posts/new?_rsc=9gl22:0
[  408737ms] [ERROR] Failed to load resource: the server responded with a status of 500 (Internal Server Error) @ http://localhost:3000/admin/marketing/posts/new?_rsc=9gl22:0
[  410035ms] [ERROR] Failed to load resource: the server responded with a status of 500 (Internal Server Error) @ http://localhost:3000/admin/marketing/posts/new?_rsc=9gl22:0
[  410988ms] [ERROR] Failed to load resource: the server responded with a status of 500 (Internal Server Error) @ http://localhost:3000/admin/marketing/posts/new?_rsc=9gl22:0
[  411716ms] [ERROR] Failed to load resource: the server responded with a status of 500 (Internal Server Error) @ http://localhost:3000/admin/marketing/posts/new?_rsc=9gl22:0
[  412083ms] [ERROR] Failed to load resource: the server responded with a status of 500 (Internal Server Error) @ http://localhost:3000/api/user-notifications?userId=eb46c51d-95a1-4be9-9b30-edcdbd9eb8be&clinicId=de87b3fd-f936-49d8-a659-7b50b0019fe9&limit=10:0
[  412083ms] [ERROR] [useUserNotifications] Fetch error: SyntaxError: Unexpected token 'I', "Internal S"... is not valid JSON @ webpack-internal:///(app-pages-browser)/./node_modules/next/dist/next-devtools/userspace/app/errors/intercept-console-error.js:56
[  412667ms] [ERROR] Failed to load resource: the server responded with a status of 500 (Internal Server Error) @ http://localhost:3000/admin/marketing/posts/new?_rsc=9gl22:0
[  413363ms] [ERROR] Failed to load resource: the server responded with a status of 500 (Internal Server Error) @ http://localhost:3000/admin/marketing/posts/new?_rsc=9gl22:0
[  414011ms] [ERROR] Failed to load resource: the server responded with a status of 500 (Internal Server Error) @ http://localhost:3000/admin/marketing/posts/new?_rsc=9gl22:0
[  414641ms] [ERROR] Failed to load resource: the server responded with a status of 500 (Internal Server Error) @ http://localhost:3000/admin/marketing/posts/new?_rsc=9gl22:0
[  414920ms] [ERROR] Failed to load resource: the server responded with a status of 500 (Internal Server Error) @ http://localhost:3000/admin/marketing/posts/new?_rsc=9gl22:0
[  415178ms] [ERROR] Failed to load resource: the server responded with a status of 500 (Internal Server Error) @ http://localhost:3000/admin/marketing/posts/new?_rsc=9gl22:0
[  415498ms] [ERROR] Failed to load resource: the server responded with a status of 500 (Internal Server Error) @ http://localhost:3000/admin/marketing/posts/new?_rsc=9gl22:0
[  415827ms] [ERROR] Failed to load resource: the server responded with a status of 500 (Internal Server Error) @ http://localhost:3000/admin/marketing/posts/new?_rsc=9gl22:0
[  416214ms] [ERROR] Failed to load resource: the server responded with a status of 500 (Internal Server Error) @ http://localhost:3000/admin/marketing/posts/new?_rsc=9gl22:0
[  416290ms] [ERROR] Failed to load resource: the server responded with a status of 500 (Internal Server Error) @ http://localhost:3000/admin/marketing/posts/new?_rsc=9gl22:0
[  416622ms] [ERROR] Failed to load resource: the server responded with a status of 500 (Internal Server Error) @ http://localhost:3000/admin/marketing/posts/new?_rsc=9gl22:0
[  416895ms] [ERROR] Failed to load resource: the server responded with a status of 500 (Internal Server Error) @ http://localhost:3000/admin/marketing/posts/new?_rsc=9gl22:0
[  417359ms] [ERROR] Failed to load resource: the server responded with a status of 500 (Internal Server Error) @ http://localhost:3000/admin/marketing/posts/new?_rsc=9gl22:0
[  417641ms] [ERROR] Failed to load resource: the server responded with a status of 500 (Internal Server Error) @ http://localhost:3000/admin/marketing/posts/new?_rsc=9gl22:0
[  418372ms] [ERROR] Failed to load resource: the server responded with a status of 500 (Internal Server Error) @ http://localhost:3000/admin/marketing/posts/new?_rsc=9gl22:0
[  418974ms] [ERROR] Failed to load resource: the server responded with a status of 500 (Internal Server Error) @ http://localhost:3000/admin/marketing/posts/new?_rsc=9gl22:0
[  419598ms] [ERROR] Failed to load resource: the server responded with a status of 500 (Internal Server Error) @ http://localhost:3000/admin/marketing/posts/new?_rsc=9gl22:0
[  420526ms] [ERROR] Failed to load resource: the server responded with a status of 500 (Internal Server Error) @ http://localhost:3000/admin/marketing/posts/new?_rsc=9gl22:0
[  421248ms] [ERROR] Failed to load resource: the server responded with a status of 500 (Internal Server Error) @ http://localhost:3000/admin/marketing/posts/new?_rsc=9gl22:0
[  421852ms] [ERROR] Failed to load resource: the server responded with a status of 500 (Internal Server Error) @ http://localhost:3000/admin/marketing/posts/new?_rsc=9gl22:0
[  422484ms] [ERROR] Failed to load resource: the server responded with a status of 500 (Internal Server Error) @ http://localhost:3000/admin/marketing/posts/new?_rsc=9gl22:0
[  423342ms] [ERROR] Failed to load resource: the server responded with a status of 500 (Internal Server Error) @ http://localhost:3000/admin/marketing/posts/new?_rsc=9gl22:0
[  423972ms] [ERROR] Failed to load resource: the server responded with a status of 500 (Internal Server Error) @ http://localhost:3000/admin/marketing/posts/new?_rsc=9gl22:0
[  424593ms] [ERROR] Failed to load resource: the server responded with a status of 500 (Internal Server Error) @ http://localhost:3000/admin/marketing/posts/new?_rsc=9gl22:0
[  425400ms] [ERROR] Failed to load resource: the server responded with a status of 500 (Internal Server Error) @ http://localhost:3000/admin/marketing/posts/new?_rsc=9gl22:0
[  426016ms] [ERROR] Failed to load resource: the server responded with a status of 500 (Internal Server Error) @ http://localhost:3000/admin/marketing/posts/new?_rsc=9gl22:0
[  426622ms] [ERROR] Failed to load resource: the server responded with a status of 500 (Internal Server Error) @ http://localhost:3000/admin/marketing/posts/new?_rsc=9gl22:0
[  427219ms] [ERROR] Failed to load resource: the server responded with a status of 500 (Internal Server Error) @ http://localhost:3000/admin/marketing/posts/new?_rsc=9gl22:0
[  427819ms] [ERROR] Failed to load resource: the server responded with a status of 500 (Internal Server Error) @ http://localhost:3000/admin/marketing/posts/new?_rsc=9gl22:0
[  428417ms] [ERROR] Failed to load resource: the server responded with a status of 500 (Internal Server Error) @ http://localhost:3000/admin/marketing/posts/new?_rsc=9gl22:0
[  429019ms] [ERROR] Failed to load resource: the server responded with a status of 500 (Internal Server Error) @ http://localhost:3000/admin/marketing/posts/new?_rsc=9gl22:0
[  429701ms] [ERROR] Failed to load resource: the server responded with a status of 500 (Internal Server Error) @ http://localhost:3000/admin/marketing/posts/new?_rsc=9gl22:0
[  430299ms] [ERROR] Failed to load resource: the server responded with a status of 500 (Internal Server Error) @ http://localhost:3000/admin/marketing/posts/new?_rsc=9gl22:0
[  430903ms] [ERROR] Failed to load resource: the server responded with a status of 500 (Internal Server Error) @ http://localhost:3000/admin/marketing/posts/new?_rsc=9gl22:0
[  431517ms] [ERROR] Failed to load resource: the server responded with a status of 500 (Internal Server Error) @ http://localhost:3000/admin/marketing/posts/new?_rsc=9gl22:0
[  432370ms] [ERROR] Failed to load resource: the server responded with a status of 500 (Internal Server Error) @ http://localhost:3000/admin/marketing/posts/new?_rsc=9gl22:0
[  432985ms] [ERROR] Failed to load resource: the server responded with a status of 500 (Internal Server Error) @ http://localhost:3000/admin/marketing/posts/new?_rsc=9gl22:0
[  433593ms] [ERROR] Failed to load resource: the server responded with a status of 500 (Internal Server Error) @ http://localhost:3000/admin/marketing/posts/new?_rsc=9gl22:0
[  434197ms] [ERROR] Failed to load resource: the server responded with a status of 500 (Internal Server Error) @ http://localhost:3000/admin/marketing/posts/new?_rsc=9gl22:0
[  434801ms] [ERROR] Failed to load resource: the server responded with a status of 500 (Internal Server Error) @ http://localhost:3000/admin/marketing/posts/new?_rsc=9gl22:0
[  435402ms] [ERROR] Failed to load resource: the server responded with a status of 500 (Internal Server Error) @ http://localhost:3000/admin/marketing/posts/new?_rsc=9gl22:0
[  436007ms] [ERROR] Failed to load resource: the server responded with a status of 500 (Internal Server Error) @ http://localhost:3000/admin/marketing/posts/new?_rsc=9gl22:0
[  436613ms] [ERROR] Failed to load resource: the server responded with a status of 500 (Internal Server Error) @ http://localhost:3000/admin/marketing/posts/new?_rsc=9gl22:0
[  437218ms] [ERROR] Failed to load resource: the server responded with a status of 500 (Internal Server Error) @ http://localhost:3000/admin/marketing/posts/new?_rsc=9gl22:0
[  437819ms] [ERROR] Failed to load resource: the server responded with a status of 500 (Internal Server Error) @ http://localhost:3000/admin/marketing/posts/new?_rsc=9gl22:0
[  438423ms] [ERROR] Failed to load resource: the server responded with a status of 500 (Internal Server Error) @ http://localhost:3000/admin/marketing/posts/new?_rsc=9gl22:0
[  439023ms] [ERROR] Failed to load resource: the server responded with a status of 500 (Internal Server Error) @ http://localhost:3000/admin/marketing/posts/new?_rsc=9gl22:0
[  439621ms] [ERROR] Failed to load resource: the server responded with a status of 500 (Internal Server Error) @ http://localhost:3000/admin/marketing/posts/new?_rsc=9gl22:0
[  440224ms] [ERROR] Failed to load resource: the server responded with a status of 500 (Internal Server Error) @ http://localhost:3000/admin/marketing/posts/new?_rsc=9gl22:0
[  440829ms] [ERROR] Failed to load resource: the server responded with a status of 500 (Internal Server Error) @ http://localhost:3000/admin/marketing/posts/new?_rsc=9gl22:0
[  441504ms] [ERROR] Failed to load resource: the server responded with a status of 500 (Internal Server Error) @ http://localhost:3000/admin/marketing/posts/new?_rsc=9gl22:0
[  441785ms] [ERROR] Failed to load resource: the server responded with a status of 500 (Internal Server Error) @ http://localhost:3000/api/user-notifications?userId=eb46c51d-95a1-4be9-9b30-edcdbd9eb8be&clinicId=de87b3fd-f936-49d8-a659-7b50b0019fe9&limit=10:0
[  441785ms] [ERROR] [useUserNotifications] Fetch error: SyntaxError: Unexpected token 'I', "Internal S"... is not valid JSON @ webpack-internal:///(app-pages-browser)/./node_modules/next/dist/next-devtools/userspace/app/errors/intercept-console-error.js:56
[  442117ms] [ERROR] Failed to load resource: the server responded with a status of 500 (Internal Server Error) @ http://localhost:3000/admin/marketing/posts/new?_rsc=9gl22:0
[  442710ms] [ERROR] Failed to load resource: the server responded with a status of 500 (Internal Server Error) @ http://localhost:3000/admin/marketing/posts/new?_rsc=9gl22:0
[  443320ms] [ERROR] Failed to load resource: the server responded with a status of 500 (Internal Server Error) @ http://localhost:3000/admin/marketing/posts/new?_rsc=9gl22:0
[  443908ms] [ERROR] Failed to load resource: the server responded with a status of 500 (Internal Server Error) @ http://localhost:3000/admin/marketing/posts/new?_rsc=9gl22:0
[  444169ms] [ERROR] Failed to load resource: the server responded with a status of 500 (Internal Server Error) @ http://localhost:3000/admin/marketing/posts/new?_rsc=9gl22:0
[  444227ms] [ERROR] Failed to load resource: the server responded with a status of 500 (Internal Server Error) @ http://localhost:3000/admin/marketing/posts/new?_rsc=9gl22:0
[  444534ms] [ERROR] Failed to load resource: the server responded with a status of 500 (Internal Server Error) @ http://localhost:3000/admin/marketing/posts/new?_rsc=9gl22:0
[  444589ms] [ERROR] Failed to load resource: the server responded with a status of 500 (Internal Server Error) @ http://localhost:3000/admin/marketing/posts/new?_rsc=9gl22:0
[  444899ms] [ERROR] Failed to load resource: the server responded with a status of 500 (Internal Server Error) @ http://localhost:3000/admin/marketing/posts/new?_rsc=9gl22:0
[  444958ms] [ERROR] Failed to load resource: the server responded with a status of 500 (Internal Server Error) @ http://localhost:3000/admin/marketing/posts/new?_rsc=9gl22:0
[  445280ms] [ERROR] Failed to load resource: the server responded with a status of 500 (Internal Server Error) @ http://localhost:3000/admin/marketing/posts/new?_rsc=9gl22:0
[  445339ms] [ERROR] Failed to load resource: the server responded with a status of 500 (Internal Server Error) @ http://localhost:3000/admin/marketing/posts/new?_rsc=9gl22:0
[  445667ms] [ERROR] Failed to load resource: the server responded with a status of 500 (Internal Server Error) @ http://localhost:3000/admin/marketing/posts/new?_rsc=9gl22:0
[  445734ms] [ERROR] Failed to load resource: the server responded with a status of 500 (Internal Server Error) @ http://localhost:3000/admin/marketing/posts/new?_rsc=9gl22:0
[  446078ms] [ERROR] Failed to load resource: the server responded with a status of 500 (Internal Server Error) @ http://localhost:3000/admin/marketing/posts/new?_rsc=9gl22:0
[  446137ms] [ERROR] Failed to load resource: the server responded with a status of 500 (Internal Server Error) @ http://localhost:3000/admin/marketing/posts/new?_rsc=9gl22:0
[  446581ms] [ERROR] Failed to load resource: the server responded with a status of 500 (Internal Server Error) @ http://localhost:3000/admin/marketing/posts/new:0
